[0.003s][warning][cds] Archived non-system classes are disabled because the java.system.class.loader property is specified (value = "com.intellij.util.lang.PathClassLoader"). To use archived non-system classes, this property must not be set
[0.005s][warning][cds] Archived non-system classes are disabled because the java.system.class.loader property is specified (value = "com.intellij.util.lang.PathClassLoader"). To use archived non-system classes, this property must not be set
2024-11-22 16:40:05,269 [    306]   WARN - c.i.o.u.r.overrides - Conflicting registry key definition for key kotlin.mpp.tests.force.gradle: it was defined by plugin org.jetbrains.kotlin but redefined by plugin org.jetbrains.kotlin. Consider adding overrides="true" for one of the plugins, see the documentation for com.intellij.openapi.util.registry.RegistryKeyBean.overrides for more details.
2024-11-22 16:40:05,357 [    394]   WARN - #c.i.o.e.i.FontFamilyServiceImpl - Couldn't access required runtime API, will fall back to basic logic of font selection
2024-11-22 16:40:06,408 [   1445]   WARN - #c.i.s.ComponentManagerImpl - `preload=NOT_HEADLESS` must be used only for core services (service=org.jetbrains.kotlin.idea.search.refIndex.KotlinCompilerReferenceIndexService, plugin=org.jetbrains.kotlin)
2024-11-22 16:40:06,408 [   1445]   WARN - #c.i.s.ComponentManagerImpl - `preload=TRUE` must be used only for core services (service=org.jetbrains.idea.maven.project.MavenProjectsManagerEx, plugin=org.jetbrains.idea.maven)
2024-11-22 16:40:06,408 [   1445]   WARN - #c.i.s.ComponentManagerImpl - `preload=TRUE` must be used only for core services (service=org.jetbrains.idea.maven.navigator.MavenProjectsNavigator, plugin=org.jetbrains.idea.maven)
2024-11-22 16:40:06,409 [   1446]   WARN - #c.i.s.ComponentManagerImpl - `preload=TRUE` must be used only for core services (service=org.jetbrains.idea.maven.tasks.MavenShortcutsManager, plugin=org.jetbrains.idea.maven)
2024-11-22 16:40:06,542 [   1579]   WARN - #o.j.p.t.TextMateService - Cannot find referenced file `./syntaxes/asp-vb-net.tmLanguage.json` in bundle `/usr/share/idea/plugins/textmate/lib/bundles/vb`
2024-11-22 16:40:06,795 [   1832]   WARN - #c.i.u.j.JBCefApp - JCefAppConfig.class is not from a JBR module, url: jar:file:/usr/share/idea/lib/lib.jar!/com/jetbrains/cef/JCefAppConfig.class (Use JBR bundled with the IDE)
2024-11-22 16:40:07,917 [   2954]   WARN - #c.i.u.t.AbstractTreeNodeVisitor - unexpected component class com.intellij.ide.util.treeView.CachedTreePresentationNode
2024-11-22 16:40:07,924 [   2961]   WARN - #c.i.u.t.AbstractTreeNodeVisitor - unexpected component class com.intellij.ide.util.treeView.CachedTreePresentationNode
2024-11-22 16:40:07,930 [   2967]   WARN - #c.i.u.t.AbstractTreeNodeVisitor - unexpected component class com.intellij.ide.util.treeView.CachedTreePresentationNode
2024-11-22 16:40:07,934 [   2971]   WARN - #c.i.u.t.AbstractTreeNodeVisitor - unexpected component class com.intellij.ide.util.treeView.CachedTreePresentationNode
2024-11-22 16:40:07,957 [   2994]   WARN - #c.i.u.t.AbstractTreeNodeVisitor - unexpected component class com.intellij.ide.util.treeView.CachedTreePresentationNode
2024-11-22 16:40:07,989 [   3026]   WARN - #c.i.u.t.AbstractTreeNodeVisitor - unexpected component class com.intellij.ide.util.treeView.CachedTreePresentationNode
2024-11-22 16:40:08,029 [   3066]   WARN - #c.i.o.a.Application - issue detected: ide.script.launcher.used (ignored)
ERROR StatusLogger Log4j2 could not find a logging implementation. Please add log4j-core to the classpath. Using SimpleLogger to log to the console...
2024-11-22 16:40:27,923 [  22960]   WARN - #c.i.u.x.Binding - No accessors for org.jetbrains.kotlin.cli.common.arguments.InternalArgument. This means that state class cannot be serialized properly. Please see https://jb.gg/ij-psoc
2024-11-22 16:45:07,270 [ 302307]   WARN - #o.j.k.i.s.r.KotlinCompilerReferenceIndexStorage - kotlin-data-container is not found
2024-11-22 16:45:09,239 [ 304276]   WARN - org.apache.http.client.protocol.ResponseProcessCookies - Invalid cookie header: "Set-Cookie: _octo=GH1.1.413487861.1732304709; Path=/; Domain=github.com; Expires=Sat, 22 Nov 2025 19:45:09 GMT; Secure; SameSite=Lax". Invalid 'expires' attribute: Sat, 22 Nov 2025 19:45:09 GMT
2024-11-22 16:45:09,240 [ 304277]   WARN - org.apache.http.client.protocol.ResponseProcessCookies - Invalid cookie header: "Set-Cookie: logged_in=no; Path=/; Domain=github.com; Expires=Sat, 22 Nov 2025 19:45:09 GMT; HttpOnly; Secure; SameSite=Lax". Invalid 'expires' attribute: Sat, 22 Nov 2025 19:45:09 GMT
2024-11-22 16:45:09,839 [ 304876]   WARN - org.apache.http.client.protocol.ResponseProcessCookies - Invalid cookie header: "Set-Cookie: _octo=GH1.1.2049735637.1732304709; Path=/; Domain=github.com; Expires=Sat, 22 Nov 2025 19:45:09 GMT; Secure; SameSite=Lax". Invalid 'expires' attribute: Sat, 22 Nov 2025 19:45:09 GMT
2024-11-22 16:45:09,839 [ 304876]   WARN - org.apache.http.client.protocol.ResponseProcessCookies - Invalid cookie header: "Set-Cookie: logged_in=no; Path=/; Domain=github.com; Expires=Sat, 22 Nov 2025 19:45:09 GMT; HttpOnly; Secure; SameSite=Lax". Invalid 'expires' attribute: Sat, 22 Nov 2025 19:45:09 GMT
2024-11-22 16:49:34,989 [ 570026]   WARN - #o.j.k.i.s.r.KotlinCompilerReferenceIndexStorage - kotlin-data-container is not found
2024-11-22 16:51:49,519 [ 704556]   WARN - #o.j.k.i.s.r.KotlinCompilerReferenceIndexStorage - kotlin-data-container is not found
2024-11-22 16:53:20,163 [ 795200]   WARN - #com.codeium.intellij.language_server.LanguageServerService - Error getting completions
io.grpc.StatusException: UNKNOWN: granular trajectory is not yet available
	at io.grpc.Status.asException(Status.java:548)
	at io.grpc.kotlin.ClientCalls$rpcImpl$1$1$1.onClose(ClientCalls.kt:300)
	at io.grpc.internal.ClientCallImpl.closeObserver(ClientCallImpl.java:564)
	at io.grpc.internal.ClientCallImpl.access$100(ClientCallImpl.java:72)
	at io.grpc.internal.ClientCallImpl$ClientStreamListenerImpl$1StreamClosed.runInternal(ClientCallImpl.java:729)
	at io.grpc.internal.ClientCallImpl$ClientStreamListenerImpl$1StreamClosed.runInContext(ClientCallImpl.java:710)
	at io.grpc.internal.ContextRunnable.run(ContextRunnable.java:37)
	at io.grpc.internal.SerializingExecutor.run(SerializingExecutor.java:133)
	at java.base/java.util.concurrent.ThreadPoolExecutor.runWorker(ThreadPoolExecutor.java:1144)
	at java.base/java.util.concurrent.ThreadPoolExecutor$Worker.run(ThreadPoolExecutor.java:642)
	at java.base/java.lang.Thread.run(Thread.java:1583)
2024-11-22 16:53:20,465 [ 795502]   WARN - #com.github.weisj.jsvg.parser.NodeMap - unsupported RDF
2024-11-22 16:53:20,465 [ 795502]   WARN - #com.github.weisj.jsvg.parser.NodeMap - unsupported path-effect
2024-11-22 16:53:20,465 [ 795502]   WARN - #com.github.weisj.jsvg.parser.NodeMap - unsupported path-effect
2024-11-22 16:53:20,465 [ 795502]   WARN - #com.github.weisj.jsvg.parser.NodeMap - unsupported path-effect
2024-11-22 16:53:20,466 [ 795503]   WARN - #com.github.weisj.jsvg.parser.NodeMap - unsupported namedview
2024-11-22 16:54:51,317 [ 886354]   WARN - #o.j.k.i.s.r.KotlinCompilerReferenceIndexStorage - kotlin-data-container is not found
imDefLkup.c,419: The application disposed a key event with 9744378 serial.
2024-11-22 16:55:37,632 [ 932669]   WARN - #o.j.k.i.s.r.KotlinCompilerReferenceIndexStorage - kotlin-data-container is not found
2024-11-22 17:24:23,683 [2658720]   WARN - #c.i.u.x.Binding - No accessors for com.intellij.platform.feedback.impl.state.DontShowAgainFeedbackState. This means that state class cannot be serialized properly. Please see https://jb.gg/ij-psoc
2024-11-22 17:24:23,690 [2658727]   WARN - #c.i.u.x.Binding - No accessors for com.intellij.platform.feedback.impl.state.CommonFeedbackSurveysState. This means that state class cannot be serialized properly. Please see https://jb.gg/ij-psoc
2024-11-22 17:25:56,180 [2751217]   WARN - #o.j.k.i.s.r.KotlinCompilerReferenceIndexStorage - kotlin-data-container is not found
2024-11-22 17:26:13,745 [2768782]   WARN - #com.codeium.intellij.language_server.LanguageServerService - Error refreshing context
io.grpc.StatusException: UNKNOWN: invalid position (row 7, col 0): line 7 out of range [0, 1)
	at io.grpc.Status.asException(Status.java:548)
	at io.grpc.kotlin.ClientCalls$rpcImpl$1$1$1.onClose(ClientCalls.kt:300)
	at io.grpc.internal.ClientCallImpl.closeObserver(ClientCallImpl.java:564)
	at io.grpc.internal.ClientCallImpl.access$100(ClientCallImpl.java:72)
	at io.grpc.internal.ClientCallImpl$ClientStreamListenerImpl$1StreamClosed.runInternal(ClientCallImpl.java:729)
	at io.grpc.internal.ClientCallImpl$ClientStreamListenerImpl$1StreamClosed.runInContext(ClientCallImpl.java:710)
	at io.grpc.internal.ContextRunnable.run(ContextRunnable.java:37)
	at io.grpc.internal.SerializingExecutor.run(SerializingExecutor.java:133)
	at java.base/java.util.concurrent.ThreadPoolExecutor.runWorker(ThreadPoolExecutor.java:1144)
	at java.base/java.util.concurrent.ThreadPoolExecutor$Worker.run(ThreadPoolExecutor.java:642)
	at java.base/java.lang.Thread.run(Thread.java:1583)
Opening in existing browser session.
2024-11-22 17:27:44,003 [2859040]   WARN - #o.j.k.i.s.r.KotlinCompilerReferenceIndexStorage - kotlin-data-container is not found
2024-11-22 17:28:50,737 [2925774]   WARN - #o.j.k.i.s.r.KotlinCompilerReferenceIndexStorage - kotlin-data-container is not found
2024-11-22 17:29:08,335 [2943372]   WARN - #o.j.k.i.s.r.KotlinCompilerReferenceIndexStorage - kotlin-data-container is not found
2024-11-22 17:29:19,922 [2954959]   WARN - #o.j.k.i.s.r.KotlinCompilerReferenceIndexStorage - kotlin-data-container is not found
2024-11-22 17:29:23,901 [2958938]   WARN - #o.j.k.i.s.r.KotlinCompilerReferenceIndexStorage - kotlin-data-container is not found
2024-11-22 17:30:46,950 [3041987]   WARN - #o.j.k.i.s.r.KotlinCompilerReferenceIndexStorage - kotlin-data-container is not found
2024-11-22 17:31:13,163 [3068200]   WARN - #o.j.k.i.s.r.KotlinCompilerReferenceIndexStorage - kotlin-data-container is not found
2024-11-22 17:31:38,339 [3093376]   WARN - #o.j.k.i.s.r.KotlinCompilerReferenceIndexStorage - kotlin-data-container is not found
2024-11-22 17:31:56,892 [3111929]   WARN - #o.j.k.i.s.r.KotlinCompilerReferenceIndexStorage - kotlin-data-container is not found
2024-11-22 17:32:04,377 [3119414]   WARN - #o.j.k.i.s.r.KotlinCompilerReferenceIndexStorage - kotlin-data-container is not found
2024-11-22 17:32:24,162 [3139199]   WARN - #o.j.k.i.s.r.KotlinCompilerReferenceIndexStorage - kotlin-data-container is not found
2024-11-22 17:39:04,878 [3539915]   WARN - #o.j.k.i.s.r.KotlinCompilerReferenceIndexStorage - kotlin-data-container is not found
2024-11-22 17:43:26,248 [3801285]   WARN - #o.j.k.i.s.r.KotlinCompilerReferenceIndexStorage - kotlin-data-container is not found
2024-11-22 17:44:24,827 [3859864]   WARN - #c.i.u.x.Binding - No accessors for com.intellij.toolWindow.ToolWindowLayoutStorageManagerState. This means that state class cannot be serialized properly. Please see https://jb.gg/ij-psoc
2024-11-22 17:44:26,335 [3861372]   WARN - #o.j.k.i.s.r.KotlinCompilerReferenceIndexStorage - kotlin-data-container is not found
2024-11-22 17:52:45,972 [4361009]   WARN - #o.j.k.i.s.r.KotlinCompilerReferenceIndexStorage - kotlin-data-container is not found
2024-11-22 17:53:37,919 [4412956]   WARN - #o.j.k.i.s.r.KotlinCompilerReferenceIndexStorage - kotlin-data-container is not found
2024-11-22 17:57:51,731 [4666768]   WARN - #o.j.k.i.s.r.KotlinCompilerReferenceIndexStorage - kotlin-data-container is not found
2024-11-22 17:58:18,449 [4693486]   WARN - #o.j.k.i.s.r.KotlinCompilerReferenceIndexStorage - kotlin-data-container is not found
2024-11-22 18:02:14,677 [4929714]   WARN - #o.j.k.i.s.r.KotlinCompilerReferenceIndexStorage - kotlin-data-container is not found
2024-11-22 18:06:39,171 [5194208]   WARN - #o.j.k.i.s.r.KotlinCompilerReferenceIndexStorage - kotlin-data-container is not found
2024-11-22 18:08:35,238 [5310275]   WARN - #o.j.k.i.s.r.KotlinCompilerReferenceIndexStorage - kotlin-data-container is not found
2024-11-22 18:10:30,832 [5425869]   WARN - #o.j.k.i.s.r.KotlinCompilerReferenceIndexStorage - kotlin-data-container is not found
2024-11-22 18:22:50,102 [6165139]   WARN - #o.j.k.i.s.r.KotlinCompilerReferenceIndexStorage - kotlin-data-container is not found
2024-11-22 18:25:05,889 [6300926]   WARN - #o.j.k.i.s.r.KotlinCompilerReferenceIndexStorage - kotlin-data-container is not found
2024-11-22 18:26:06,433 [6361470]   WARN - #o.j.k.i.s.r.KotlinCompilerReferenceIndexStorage - kotlin-data-container is not found
2024-11-22 18:28:26,222 [6501259]   WARN - #o.j.k.i.s.r.KotlinCompilerReferenceIndexStorage - kotlin-data-container is not found
2024-11-22 18:30:14,943 [6609980]   WARN - #o.j.k.i.s.r.KotlinCompilerReferenceIndexStorage - kotlin-data-container is not found
2024-11-22 18:31:01,807 [6656844]   WARN - #o.j.k.i.s.r.KotlinCompilerReferenceIndexStorage - kotlin-data-container is not found
2024-11-22 18:31:23,241 [6678278]   WARN - #o.j.k.i.s.r.KotlinCompilerReferenceIndexStorage - kotlin-data-container is not found
Opening in existing browser session.
2024-11-22 18:33:29,887 [6804924]   WARN - #o.j.k.i.s.r.KotlinCompilerReferenceIndexStorage - kotlin-data-container is not found
2024-11-22 18:33:49,522 [6824559]   WARN - #o.j.k.i.s.r.KotlinCompilerReferenceIndexStorage - kotlin-data-container is not found
2024-11-22 18:35:21,784 [6916821]   WARN - #o.j.k.i.s.r.KotlinCompilerReferenceIndexStorage - kotlin-data-container is not found
2024-11-22 18:35:48,371 [6943408]   WARN - #o.j.k.i.s.r.KotlinCompilerReferenceIndexStorage - kotlin-data-container is not found
2024-11-22 18:36:54,859 [7009896]   WARN - #o.j.k.i.s.r.KotlinCompilerReferenceIndexStorage - kotlin-data-container is not found
2024-11-22 18:37:20,665 [7035702]   WARN - #o.j.k.i.s.r.KotlinCompilerReferenceIndexStorage - kotlin-data-container is not found
2024-11-22 18:45:26,403 [7521440]   WARN - #o.j.k.i.s.r.KotlinCompilerReferenceIndexStorage - kotlin-data-container is not found
2024-11-22 18:48:08,198 [7683235]   WARN - #o.j.k.i.s.r.KotlinCompilerReferenceIndexStorage - kotlin-data-container is not found
2024-11-22 18:50:49,253 [7844290]   WARN - #o.j.k.i.s.r.KotlinCompilerReferenceIndexStorage - kotlin-data-container is not found
2024-11-22 18:57:30,711 [8245748]   WARN - #o.j.k.i.s.r.KotlinCompilerReferenceIndexStorage - kotlin-data-container is not found
2024-11-22 18:57:44,869 [8259906]   WARN - #o.j.k.i.s.r.KotlinCompilerReferenceIndexStorage - kotlin-data-container is not found
2024-11-22 18:59:39,538 [8374575]   WARN - #o.j.k.i.s.r.KotlinCompilerReferenceIndexStorage - kotlin-data-container is not found
2024-11-22 19:04:14,681 [8649718]   WARN - #o.j.k.i.s.r.KotlinCompilerReferenceIndexStorage - kotlin-data-container is not found
2024-11-22 19:06:08,571 [8763608]   WARN - #o.j.k.i.s.r.KotlinCompilerReferenceIndexStorage - kotlin-data-container is not found
2024-11-22 19:06:45,005 [8800042]   WARN - #o.j.k.i.s.r.KotlinCompilerReferenceIndexStorage - kotlin-data-container is not found
2024-11-22 19:07:46,887 [8861924]   WARN - #o.j.k.i.s.r.KotlinCompilerReferenceIndexStorage - kotlin-data-container is not found
2024-11-22 19:10:04,186 [8999223]   WARN - #o.j.k.i.s.r.KotlinCompilerReferenceIndexStorage - kotlin-data-container is not found
2024-11-22 19:11:48,920 [9103957]   WARN - #o.j.k.i.s.r.KotlinCompilerReferenceIndexStorage - kotlin-data-container is not found
2024-11-22 19:12:17,010 [9132047]   WARN - #o.j.k.i.s.r.KotlinCompilerReferenceIndexStorage - kotlin-data-container is not found
2024-11-22 19:13:26,640 [9201677]   WARN - #o.j.k.i.s.r.KotlinCompilerReferenceIndexStorage - kotlin-data-container is not found
2024-11-22 19:14:46,055 [9281092]   WARN - #c.i.u.i.FilteredIcon - Do not create FilteredIcon for EmptyIcon
2024-11-22 19:16:17,312 [9372349]   WARN - #c.i.u.i.FilteredIcon - Do not create FilteredIcon for EmptyIcon
2024-11-22 19:18:24,577 [9499614] SEVERE - #c.i.i.p.PluginManager - bad offset/length
java.lang.ArrayIndexOutOfBoundsException: bad offset/length
	at java.desktop/sun.java2d.SunGraphics2D.drawChars(SunGraphics2D.java:3034)
	at com.intellij.openapi.editor.impl.view.SimpleTextFragment.lambda$draw$0(SimpleTextFragment.java:46)
	at com.intellij.openapi.editor.impl.view.EditorPainter$Session.lambda$paintTextWithEffects$4(EditorPainter.java:659)
	at java.base/java.util.ArrayList.forEach(ArrayList.java:1596)
	at com.intellij.openapi.editor.impl.view.EditorPainter$Session.paintTextWithEffects(EditorPainter.java:659)
	at com.intellij.openapi.editor.impl.view.EditorPainter$Session.paint(EditorPainter.java:199)
	at com.intellij.openapi.editor.impl.view.EditorPainter.paint(EditorPainter.java:86)
	at com.intellij.openapi.editor.impl.view.EditorView.paint(EditorView.java:283)
	at com.intellij.openapi.editor.impl.EditorImpl.lambda$paint$47(EditorImpl.java:2070)
	at com.intellij.openapi.application.impl.AnyThreadWriteThreadingSupport.runReadAction$lambda$2(AnyThreadWriteThreadingSupport.kt:217)
	at com.intellij.openapi.application.impl.AnyThreadWriteThreadingSupport.runReadAction(AnyThreadWriteThreadingSupport.kt:228)
	at com.intellij.openapi.application.impl.AnyThreadWriteThreadingSupport.runReadAction(AnyThreadWriteThreadingSupport.kt:217)
	at com.intellij.openapi.application.impl.ApplicationImpl.runReadAction(ApplicationImpl.java:847)
	at com.intellij.openapi.editor.impl.EditorImpl.paint(EditorImpl.java:2060)
	at com.intellij.openapi.editor.impl.EditorComponentImpl.paintComponent(EditorComponentImpl.java:284)
	at java.desktop/javax.swing.JComponent.paint(JComponent.java:1128)
	at com.intellij.openapi.editor.impl.EditorComponentImpl.paint(EditorComponentImpl.java:157)
	at java.desktop/javax.swing.JComponent.paintChildren(JComponent.java:961)
	at java.desktop/javax.swing.JComponent.paint(JComponent.java:1137)
	at java.desktop/javax.swing.JViewport.paint(JViewport.java:736)
	at com.intellij.ui.components.JBViewport.paint(JBViewport.java:240)
	at java.desktop/javax.swing.JComponent.paintChildren(JComponent.java:961)
	at com.intellij.ui.components.JBScrollPane.paintChildren(JBScrollPane.java:242)
	at java.desktop/javax.swing.JComponent.paint(JComponent.java:1137)
	at com.intellij.ui.components.JBScrollPane.paint(JBScrollPane.java:230)
	at java.desktop/javax.swing.JComponent.paintChildren(JComponent.java:961)
	at java.desktop/javax.swing.JComponent.paint(JComponent.java:1137)
	at java.desktop/javax.swing.JLayeredPane.paint(JLayeredPane.java:586)
	at java.desktop/javax.swing.JComponent.paintToOffscreen(JComponent.java:5318)
	at java.desktop/javax.swing.RepaintManager$PaintManager.paintDoubleBufferedImpl(RepaintManager.java:1656)
	at java.desktop/javax.swing.RepaintManager$PaintManager.paintDoubleBuffered(RepaintManager.java:1631)
	at java.desktop/javax.swing.RepaintManager$PaintManager.paint(RepaintManager.java:1569)
	at java.desktop/javax.swing.BufferStrategyPaintManager.paint(BufferStrategyPaintManager.java:271)
	at java.desktop/javax.swing.RepaintManager.paint(RepaintManager.java:1336)
	at java.desktop/javax.swing.JComponent._paintImmediately(JComponent.java:5266)
	at java.desktop/javax.swing.JComponent.paintImmediately(JComponent.java:5076)
	at java.desktop/javax.swing.RepaintManager$4.run(RepaintManager.java:878)
	at java.desktop/javax.swing.RepaintManager$4.run(RepaintManager.java:861)
	at java.base/java.security.AccessController.doPrivileged(AccessController.java:400)
	at java.base/java.security.ProtectionDomain$JavaSecurityAccessImpl.doIntersectionPrivilege(ProtectionDomain.java:87)
	at java.desktop/javax.swing.RepaintManager.paintDirtyRegions(RepaintManager.java:861)
	at java.desktop/javax.swing.RepaintManager.paintDirtyRegions(RepaintManager.java:834)
	at java.desktop/javax.swing.RepaintManager.prePaintDirtyRegions(RepaintManager.java:784)
	at java.desktop/javax.swing.RepaintManager$ProcessingRunnable.run(RepaintManager.java:1897)
	at java.desktop/java.awt.event.InvocationEvent.dispatch(InvocationEvent.java:318)
	at java.desktop/java.awt.EventQueue.dispatchEventImpl(EventQueue.java:773)
	at java.desktop/java.awt.EventQueue$4.run(EventQueue.java:720)
	at java.desktop/java.awt.EventQueue$4.run(EventQueue.java:714)
	at java.base/java.security.AccessController.doPrivileged(AccessController.java:400)
	at java.base/java.security.ProtectionDomain$JavaSecurityAccessImpl.doIntersectionPrivilege(ProtectionDomain.java:87)
	at java.desktop/java.awt.EventQueue.dispatchEvent(EventQueue.java:742)
	at com.intellij.ide.IdeEventQueue.defaultDispatchEvent(IdeEventQueue.kt:696)
	at com.intellij.ide.IdeEventQueue._dispatchEvent$lambda$16(IdeEventQueue.kt:590)
	at com.intellij.openapi.application.impl.AnyThreadWriteThreadingSupport.runWithoutImplicitRead(AnyThreadWriteThreadingSupport.kt:117)
	at com.intellij.ide.IdeEventQueue._dispatchEvent(IdeEventQueue.kt:590)
	at com.intellij.ide.IdeEventQueue.access$_dispatchEvent(IdeEventQueue.kt:73)
	at com.intellij.ide.IdeEventQueue$dispatchEvent$processEventRunnable$1$1$1$1.compute(IdeEventQueue.kt:357)
	at com.intellij.ide.IdeEventQueue$dispatchEvent$processEventRunnable$1$1$1$1.compute(IdeEventQueue.kt:356)
	at com.intellij.openapi.progress.impl.CoreProgressManager.computePrioritized(CoreProgressManager.java:843)
	at com.intellij.ide.IdeEventQueue$dispatchEvent$processEventRunnable$1$1$1.invoke(IdeEventQueue.kt:356)
	at com.intellij.ide.IdeEventQueue$dispatchEvent$processEventRunnable$1$1$1.invoke(IdeEventQueue.kt:351)
	at com.intellij.ide.IdeEventQueueKt$performActivity$runnableWithWIL$1.invoke$lambda$0(IdeEventQueue.kt:1035)
	at com.intellij.openapi.application.WriteIntentReadAction.lambda$run$0(WriteIntentReadAction.java:24)
	at com.intellij.openapi.application.impl.AnyThreadWriteThreadingSupport.runWriteIntentReadAction(AnyThreadWriteThreadingSupport.kt:84)
	at com.intellij.openapi.application.impl.ApplicationImpl.runWriteIntentReadAction(ApplicationImpl.java:910)
	at com.intellij.openapi.application.WriteIntentReadAction.compute(WriteIntentReadAction.java:55)
	at com.intellij.openapi.application.WriteIntentReadAction.run(WriteIntentReadAction.java:23)
	at com.intellij.ide.IdeEventQueueKt$performActivity$runnableWithWIL$1.invoke(IdeEventQueue.kt:1035)
	at com.intellij.ide.IdeEventQueueKt$performActivity$runnableWithWIL$1.invoke(IdeEventQueue.kt:1035)
	at com.intellij.ide.IdeEventQueueKt.performActivity$lambda$1(IdeEventQueue.kt:1036)
	at com.intellij.openapi.application.TransactionGuardImpl.performActivity(TransactionGuardImpl.java:106)
	at com.intellij.ide.IdeEventQueueKt.performActivity(IdeEventQueue.kt:1036)
	at com.intellij.ide.IdeEventQueue.dispatchEvent$lambda$10(IdeEventQueue.kt:351)
	at com.intellij.ide.IdeEventQueue.dispatchEvent(IdeEventQueue.kt:389)
	at java.desktop/java.awt.EventDispatchThread.pumpOneEventForFilters(EventDispatchThread.java:203)
	at java.desktop/java.awt.EventDispatchThread.pumpEventsForFilter(EventDispatchThread.java:124)
	at java.desktop/java.awt.EventDispatchThread.pumpEventsForHierarchy(EventDispatchThread.java:113)
	at java.desktop/java.awt.EventDispatchThread.pumpEvents(EventDispatchThread.java:109)
	at java.desktop/java.awt.EventDispatchThread.pumpEvents(EventDispatchThread.java:101)
	at java.desktop/java.awt.EventDispatchThread.run(EventDispatchThread.java:90)
2024-11-22 19:18:24,582 [9499619] SEVERE - #c.i.i.p.PluginManager - IntelliJ IDEA 2024.2.0.2  Build #IC-242.20224.419
2024-11-22 19:18:24,583 [9499620] SEVERE - #c.i.i.p.PluginManager - JDK: 21.0.4; VM: OpenJDK 64-Bit Server VM; Vendor: Arch Linux
2024-11-22 19:18:24,583 [9499620] SEVERE - #c.i.i.p.PluginManager - OS: Linux
2024-11-22 19:18:24,583 [9499620] SEVERE - #c.i.i.p.PluginManager - Last Action: EditorEnter
2024-11-22 19:19:35,751 [9570788]   WARN - #o.j.k.i.s.r.KotlinCompilerReferenceIndexStorage - kotlin-data-container is not found
2024-11-22 19:20:05,493 [9600530]   WARN - #o.j.k.i.s.r.KotlinCompilerReferenceIndexStorage - kotlin-data-container is not found
2024-11-22 19:20:55,983 [9651020]   WARN - #o.j.k.i.s.r.KotlinCompilerReferenceIndexStorage - kotlin-data-container is not found
2024-11-22 19:21:30,364 [9685401]   WARN - #com.codeium.intellij.language_server.LanguageServerService - Error getting completions
io.grpc.StatusException: UNKNOWN: unavailable: dial tcp: lookup inference.codeium.com: Temporary failure in name resolution
	at io.grpc.Status.asException(Status.java:548)
	at io.grpc.kotlin.ClientCalls$rpcImpl$1$1$1.onClose(ClientCalls.kt:300)
	at io.grpc.internal.ClientCallImpl.closeObserver(ClientCallImpl.java:564)
	at io.grpc.internal.ClientCallImpl.access$100(ClientCallImpl.java:72)
	at io.grpc.internal.ClientCallImpl$ClientStreamListenerImpl$1StreamClosed.runInternal(ClientCallImpl.java:729)
	at io.grpc.internal.ClientCallImpl$ClientStreamListenerImpl$1StreamClosed.runInContext(ClientCallImpl.java:710)
	at io.grpc.internal.ContextRunnable.run(ContextRunnable.java:37)
	at io.grpc.internal.SerializingExecutor.run(SerializingExecutor.java:133)
	at java.base/java.util.concurrent.ThreadPoolExecutor.runWorker(ThreadPoolExecutor.java:1144)
	at java.base/java.util.concurrent.ThreadPoolExecutor$Worker.run(ThreadPoolExecutor.java:642)
	at java.base/java.lang.Thread.run(Thread.java:1583)
2024-11-22 19:21:31,123 [9686160]   WARN - #o.j.k.i.s.r.KotlinCompilerReferenceIndexStorage - kotlin-data-container is not found
2024-11-22 19:21:58,594 [9713631]   WARN - #o.j.k.i.s.r.KotlinCompilerReferenceIndexStorage - kotlin-data-container is not found
2024-11-22 19:22:52,343 [9767380]   WARN - #com.codeium.intellij.language_server.LanguageServerService - Error refreshing context
io.grpc.StatusException: UNAVAILABLE: Channel shutdownNow invoked
	at io.grpc.Status.asException(Status.java:548)
	at io.grpc.kotlin.ClientCalls$rpcImpl$1$1$1.onClose(ClientCalls.kt:300)
	at io.grpc.internal.ClientCallImpl.closeObserver(ClientCallImpl.java:564)
	at io.grpc.internal.ClientCallImpl.access$100(ClientCallImpl.java:72)
	at io.grpc.internal.ClientCallImpl$ClientStreamListenerImpl$1StreamClosed.runInternal(ClientCallImpl.java:729)
	at io.grpc.internal.ClientCallImpl$ClientStreamListenerImpl$1StreamClosed.runInContext(ClientCallImpl.java:710)
	at io.grpc.internal.ContextRunnable.run(ContextRunnable.java:37)
	at io.grpc.internal.SerializingExecutor.run(SerializingExecutor.java:133)
	at java.base/java.util.concurrent.ThreadPoolExecutor.runWorker(ThreadPoolExecutor.java:1144)
	at java.base/java.util.concurrent.ThreadPoolExecutor$Worker.run(ThreadPoolExecutor.java:642)
	at java.base/java.lang.Thread.run(Thread.java:1583)
2024-11-22 19:22:52,358 [9767395]   WARN - #com.codeium.intellij.language_server.LanguageServerService - Error refreshing context
java.lang.RuntimeException: com.intellij.openapi.util.TraceableDisposable$DisposalException: Editor is already disposed
	at com.intellij.openapi.application.impl.LaterInvocator.invokeAndWait(LaterInvocator.java:132)
	at com.intellij.openapi.application.impl.ApplicationImpl.invokeAndWait(ApplicationImpl.java:418)
	at com.intellij.openapi.application.impl.ApplicationImpl.invokeAndWait(ApplicationImpl.java:437)
	at com.codeium.intellij.language_server.LanguageServerService.prepareContextRefreshRequest(LanguageServerService.kt:463)
	at com.codeium.intellij.language_server.LanguageServerService.refreshContextForFileEditorEvent(LanguageServerService.kt:436)
	at com.codeium.intellij.CodeiumVisibleAreaListener$visibleAreaChanged$1.invokeSuspend(CodeiumFileEditorManagerListener.kt:30)
	at kotlin.coroutines.jvm.internal.BaseContinuationImpl.resumeWith(ContinuationImpl.kt:33)
	at kotlinx.coroutines.DispatchedTask.run(DispatchedTask.kt:104)
	at kotlinx.coroutines.internal.SoftLimitedDispatcher$Worker.run(SoftLimitedDispatcher.kt:125)
	at kotlinx.coroutines.scheduling.TaskImpl.run(Tasks.kt:99)
	at kotlinx.coroutines.scheduling.CoroutineScheduler.runSafely(CoroutineScheduler.kt:608)
	at kotlinx.coroutines.scheduling.CoroutineScheduler$Worker.executeTask(CoroutineScheduler.kt:873)
	at kotlinx.coroutines.scheduling.CoroutineScheduler$Worker.runWorker(CoroutineScheduler.kt:763)
	at kotlinx.coroutines.scheduling.CoroutineScheduler$Worker.run(CoroutineScheduler.kt:750)
Caused by: com.intellij.openapi.util.TraceableDisposable$DisposalException: Editor is already disposed
	at com.intellij.openapi.util.TraceableDisposable.throwDisposalError(TraceableDisposable.java:48)
	at com.intellij.openapi.editor.impl.EditorImpl.throwDisposalError(EditorImpl.java:1068)
	at com.intellij.openapi.editor.impl.view.LogicalPositionCache.checkDisposed(LogicalPositionCache.java:191)
	at com.intellij.openapi.editor.impl.view.LogicalPositionCache.getLineInfo(LogicalPositionCache.java:176)
	at com.intellij.openapi.editor.impl.view.LogicalPositionCache.offsetToLogicalPosition(LogicalPositionCache.java:89)
	at com.intellij.openapi.editor.impl.view.EditorCoordinateMapper.offsetToLogicalPosition(EditorCoordinateMapper.java:91)
	at com.intellij.openapi.editor.impl.view.EditorCoordinateMapper.offsetToVisualPosition(EditorCoordinateMapper.java:234)
	at com.intellij.openapi.editor.impl.view.EditorView.offsetToVisualPosition(EditorView.java:201)
	at com.intellij.openapi.editor.impl.EditorImpl.lambda$offsetToVisualPosition$32(EditorImpl.java:1518)
	at com.intellij.openapi.application.impl.AnyThreadWriteThreadingSupport.runReadAction(AnyThreadWriteThreadingSupport.kt:228)
	at com.intellij.openapi.application.impl.AnyThreadWriteThreadingSupport.runReadAction(AnyThreadWriteThreadingSupport.kt:221)
	at com.intellij.openapi.application.impl.ApplicationImpl.runReadAction(ApplicationImpl.java:857)
	at com.intellij.openapi.application.ReadAction.compute(ReadAction.java:66)
	at com.intellij.openapi.editor.impl.EditorImpl.offsetToVisualPosition(EditorImpl.java:1518)
	at com.intellij.openapi.editor.impl.EditorImpl.offsetToVisualPosition(EditorImpl.java:1513)
	at com.intellij.openapi.editor.impl.view.VisualLineFragmentsIterator.<init>(VisualLineFragmentsIterator.java:92)
	at com.intellij.openapi.editor.impl.view.VisualLineFragmentsIterator.lambda$create$0(VisualLineFragmentsIterator.java:31)
	at com.intellij.openapi.editor.impl.view.EditorCoordinateMapper.xyToVisualPosition(EditorCoordinateMapper.java:333)
	at com.intellij.openapi.editor.impl.view.EditorView.xyToVisualPosition(EditorView.java:229)
	at com.intellij.openapi.editor.impl.EditorImpl.lambda$xyToVisualPosition$28(EditorImpl.java:1490)
	at com.intellij.openapi.application.impl.AnyThreadWriteThreadingSupport.runReadAction(AnyThreadWriteThreadingSupport.kt:228)
	at com.intellij.openapi.application.impl.AnyThreadWriteThreadingSupport.runReadAction(AnyThreadWriteThreadingSupport.kt:221)
	at com.intellij.openapi.application.impl.ApplicationImpl.runReadAction(ApplicationImpl.java:857)
	at com.intellij.openapi.application.ReadAction.compute(ReadAction.java:66)
	at com.intellij.openapi.editor.impl.EditorImpl.xyToVisualPosition(EditorImpl.java:1490)
	at com.intellij.openapi.editor.impl.EditorImpl.lambda$xyToLogicalPosition$36(EditorImpl.java:1562)
	at com.intellij.openapi.application.impl.AnyThreadWriteThreadingSupport.runReadAction(AnyThreadWriteThreadingSupport.kt:228)
	at com.intellij.openapi.application.impl.AnyThreadWriteThreadingSupport.runReadAction(AnyThreadWriteThreadingSupport.kt:221)
	at com.intellij.openapi.application.impl.ApplicationImpl.runReadAction(ApplicationImpl.java:857)
	at com.intellij.openapi.application.ReadAction.compute(ReadAction.java:66)
	at com.intellij.openapi.editor.impl.EditorImpl.xyToLogicalPosition(EditorImpl.java:1560)
	at com.codeium.intellij.language_server.LanguageServerService$prepareContextRefreshRequest$$inlined$Runnable$1.run(Runnable.kt:20)
	at com.intellij.util.concurrency.ContextRunnable.run(ContextRunnable.java:27)
	at com.intellij.util.concurrency.CancellationRunnable$run$1.invoke(CancellationRunnable.kt:21)
	at com.intellij.util.concurrency.CancellationRunnable$run$1.invoke(CancellationRunnable.kt:21)
	at com.intellij.util.concurrency.Propagation$runAsCoroutine$deferred$1.invokeSuspend(propagation.kt:229)
	at com.intellij.util.concurrency.Propagation$runAsCoroutine$deferred$1.invoke(propagation.kt)
	at com.intellij.util.concurrency.Propagation$runAsCoroutine$deferred$1.invoke(propagation.kt)
	at kotlinx.coroutines.intrinsics.UndispatchedKt.startCoroutineUndispatched(Undispatched.kt:27)
	at kotlinx.coroutines.CoroutineStart.invoke(CoroutineStart.kt:90)
	at kotlinx.coroutines.AbstractCoroutine.start(AbstractCoroutine.kt:123)
	at kotlinx.coroutines.BuildersKt__Builders_commonKt.async(Builders.common.kt:87)
	at kotlinx.coroutines.BuildersKt.async(Unknown Source)
	at com.intellij.util.concurrency.Propagation.runAsCoroutine(propagation.kt:224)
	at com.intellij.util.concurrency.CancellationRunnable.run(CancellationRunnable.kt:21)
	at com.intellij.openapi.application.TransactionGuardImpl.runWithWritingAllowed(TransactionGuardImpl.java:229)
	at com.intellij.openapi.application.TransactionGuardImpl.access$100(TransactionGuardImpl.java:22)
	at com.intellij.openapi.application.TransactionGuardImpl$1.run(TransactionGuardImpl.java:191)
	at com.intellij.openapi.application.impl.AnyThreadWriteThreadingSupport.runIntendedWriteActionOnCurrentThread$lambda$1(AnyThreadWriteThreadingSupport.kt:184)
	at com.intellij.openapi.application.impl.AnyThreadWriteThreadingSupport.runWriteIntentReadAction(AnyThreadWriteThreadingSupport.kt:84)
	at com.intellij.openapi.application.impl.AnyThreadWriteThreadingSupport.runIntendedWriteActionOnCurrentThread(AnyThreadWriteThreadingSupport.kt:183)
	at com.intellij.openapi.application.impl.ApplicationImpl.runIntendedWriteActionOnCurrentThread(ApplicationImpl.java:836)
	at com.intellij.openapi.application.impl.ApplicationImpl$2.run(ApplicationImpl.java:425)
	at com.intellij.openapi.application.impl.LaterInvocator$1.run(LaterInvocator.java:101)
	at com.intellij.openapi.application.impl.AnyThreadWriteThreadingSupport.runWithImplicitRead(AnyThreadWriteThreadingSupport.kt:122)
	at com.intellij.openapi.application.impl.ApplicationImpl.runWithImplicitRead(ApplicationImpl.java:1162)
	at com.intellij.openapi.application.impl.FlushQueue.doRun(FlushQueue.java:78)
	at com.intellij.openapi.application.impl.FlushQueue.runNextEvent(FlushQueue.java:119)
	at com.intellij.openapi.application.impl.FlushQueue.flushNow(FlushQueue.java:41)
	at java.desktop/java.awt.event.InvocationEvent.dispatch(InvocationEvent.java:318)
	at java.desktop/java.awt.EventQueue.dispatchEventImpl(EventQueue.java:773)
	at java.desktop/java.awt.EventQueue$4.run(EventQueue.java:720)
	at java.desktop/java.awt.EventQueue$4.run(EventQueue.java:714)
	at java.base/java.security.AccessController.doPrivileged(AccessController.java:400)
	at java.base/java.security.ProtectionDomain$JavaSecurityAccessImpl.doIntersectionPrivilege(ProtectionDomain.java:87)
	at java.desktop/java.awt.EventQueue.dispatchEvent(EventQueue.java:742)
	at com.intellij.ide.IdeEventQueue.defaultDispatchEvent(IdeEventQueue.kt:696)
	at com.intellij.ide.IdeEventQueue._dispatchEvent$lambda$16(IdeEventQueue.kt:590)
	at com.intellij.openapi.application.impl.AnyThreadWriteThreadingSupport.runWithoutImplicitRead(AnyThreadWriteThreadingSupport.kt:117)
	at com.intellij.ide.IdeEventQueue._dispatchEvent(IdeEventQueue.kt:590)
	at com.intellij.ide.IdeEventQueue.access$_dispatchEvent(IdeEventQueue.kt:73)
	at com.intellij.ide.IdeEventQueue$dispatchEvent$processEventRunnable$1$1$1$1.compute(IdeEventQueue.kt:357)
	at com.intellij.ide.IdeEventQueue$dispatchEvent$processEventRunnable$1$1$1$1.compute(IdeEventQueue.kt:356)
	at com.intellij.openapi.progress.impl.CoreProgressManager.computePrioritized(CoreProgressManager.java:843)
	at com.intellij.ide.IdeEventQueue$dispatchEvent$processEventRunnable$1$1$1.invoke(IdeEventQueue.kt:356)
	at com.intellij.ide.IdeEventQueue$dispatchEvent$processEventRunnable$1$1$1.invoke(IdeEventQueue.kt:351)
	at com.intellij.ide.IdeEventQueueKt$performActivity$runnableWithWIL$1.invoke$lambda$0(IdeEventQueue.kt:1035)
	at com.intellij.openapi.application.WriteIntentReadAction.lambda$run$0(WriteIntentReadAction.java:24)
	at com.intellij.openapi.application.impl.AnyThreadWriteThreadingSupport.runWriteIntentReadAction(AnyThreadWriteThreadingSupport.kt:84)
	at com.intellij.openapi.application.impl.ApplicationImpl.runWriteIntentReadAction(ApplicationImpl.java:910)
	at com.intellij.openapi.application.WriteIntentReadAction.compute(WriteIntentReadAction.java:55)
	at com.intellij.openapi.application.WriteIntentReadAction.run(WriteIntentReadAction.java:23)
	at com.intellij.ide.IdeEventQueueKt$performActivity$runnableWithWIL$1.invoke(IdeEventQueue.kt:1035)
	at com.intellij.ide.IdeEventQueueKt$performActivity$runnableWithWIL$1.invoke(IdeEventQueue.kt:1035)
	at com.intellij.ide.IdeEventQueueKt.performActivity$lambda$1(IdeEventQueue.kt:1036)
	at com.intellij.openapi.application.TransactionGuardImpl.performActivity(TransactionGuardImpl.java:114)
	at com.intellij.ide.IdeEventQueueKt.performActivity(IdeEventQueue.kt:1036)
	at com.intellij.ide.IdeEventQueue.dispatchEvent$lambda$10(IdeEventQueue.kt:351)
	at com.intellij.ide.IdeEventQueue.dispatchEvent(IdeEventQueue.kt:397)
	at com.intellij.openapi.progress.impl.PlatformTaskSupportKt.pumpEventsForHierarchy(PlatformTaskSupport.kt:399)
	at com.intellij.openapi.progress.impl.PlatformTaskSupportKt.pumpEventsForHierarchy(PlatformTaskSupport.kt:407)
	at com.intellij.ide.ShutdownKt$cancelAndJoinBlocking$1.invoke(shutdown.kt:41)
	at com.intellij.ide.ShutdownKt$cancelAndJoinBlocking$1.invoke(shutdown.kt:36)
	at com.intellij.ide.ShutdownKt.cancelAndJoinBlocking(shutdown.kt:84)
	at com.intellij.ide.ShutdownKt.cancelAndJoinBlocking(shutdown.kt:36)
	at com.intellij.openapi.application.impl.ApplicationImpl.disposeContainer(ApplicationImpl.java:189)
	at com.intellij.openapi.application.impl.ApplicationImpl.destructApplication(ApplicationImpl.java:626)
	at com.intellij.openapi.application.impl.ApplicationImpl.doExit(ApplicationImpl.java:557)
	at com.intellij.openapi.application.impl.ApplicationImpl.exit(ApplicationImpl.java:542)
	at com.intellij.openapi.application.impl.ApplicationImpl.exit(ApplicationImpl.java:531)
	at com.intellij.openapi.application.ex.ApplicationEx.exit(ApplicationEx.java:78)
	at com.intellij.openapi.wm.impl.CloseProjectWindowHelper.quitApp(CloseProjectWindowHelper.kt:67)
	at com.intellij.openapi.wm.impl.CloseProjectWindowHelper.windowClosing(CloseProjectWindowHelper.kt:47)
	at com.intellij.openapi.wm.impl.ProjectFrameHelper.windowClosing(ProjectFrameHelper.kt:428)
	at com.intellij.openapi.wm.impl.WindowCloseListener.windowClosing(ProjectFrameHelper.kt:451)
	at java.desktop/java.awt.AWTEventMulticaster.windowClosing(AWTEventMulticaster.java:357)
	at java.desktop/java.awt.Window.processWindowEvent(Window.java:2085)
	at java.desktop/javax.swing.JFrame.processWindowEvent(JFrame.java:298)
	at java.desktop/java.awt.Window.processEvent(Window.java:2044)
	at java.desktop/java.awt.Component.dispatchEventImpl(Component.java:4996)
	at java.desktop/java.awt.Container.dispatchEventImpl(Container.java:2324)
	at java.desktop/java.awt.Window.dispatchEventImpl(Window.java:2780)
	at java.desktop/java.awt.Component.dispatchEvent(Component.java:4828)
	at java.desktop/java.awt.EventQueue.dispatchEventImpl(EventQueue.java:775)
	at java.desktop/java.awt.EventQueue$4.run(EventQueue.java:720)
	at java.desktop/java.awt.EventQueue$4.run(EventQueue.java:714)
	at java.base/java.security.AccessController.doPrivileged(AccessController.java:400)
	at java.base/java.security.ProtectionDomain$JavaSecurityAccessImpl.doIntersectionPrivilege(ProtectionDomain.java:87)
	at java.base/java.security.ProtectionDomain$JavaSecurityAccessImpl.doIntersectionPrivilege(ProtectionDomain.java:98)
	at java.desktop/java.awt.EventQueue$5.run(EventQueue.java:747)
	at java.desktop/java.awt.EventQueue$5.run(EventQueue.java:745)
	at java.base/java.security.AccessController.doPrivileged(AccessController.java:400)
	at java.base/java.security.ProtectionDomain$JavaSecurityAccessImpl.doIntersectionPrivilege(ProtectionDomain.java:87)
	at java.desktop/java.awt.EventQueue.dispatchEvent(EventQueue.java:744)
	at com.intellij.ide.IdeEventQueue.defaultDispatchEvent(IdeEventQueue.kt:696)
	at com.intellij.ide.IdeEventQueue._dispatchEvent$lambda$16(IdeEventQueue.kt:590)
	at com.intellij.openapi.application.impl.AnyThreadWriteThreadingSupport.runWithoutImplicitRead(AnyThreadWriteThreadingSupport.kt:117)
	at com.intellij.ide.IdeEventQueue._dispatchEvent(IdeEventQueue.kt:590)
	at com.intellij.ide.IdeEventQueue.access$_dispatchEvent(IdeEventQueue.kt:73)
	at com.intellij.ide.IdeEventQueue$dispatchEvent$processEventRunnable$1$1$1$1.compute(IdeEventQueue.kt:357)
	at com.intellij.ide.IdeEventQueue$dispatchEvent$processEventRunnable$1$1$1$1.compute(IdeEventQueue.kt:356)
	at com.intellij.openapi.progress.impl.CoreProgressManager.computePrioritized(CoreProgressManager.java:843)
	at com.intellij.ide.IdeEventQueue$dispatchEvent$processEventRunnable$1$1$1.invoke(IdeEventQueue.kt:356)
	at com.intellij.ide.IdeEventQueue$dispatchEvent$processEventRunnable$1$1$1.invoke(IdeEventQueue.kt:351)
	at com.intellij.ide.IdeEventQueueKt$performActivity$runnableWithWIL$1.invoke$lambda$0(IdeEventQueue.kt:1035)
	at com.intellij.openapi.application.WriteIntentReadAction.lambda$run$0(WriteIntentReadAction.java:24)
	at com.intellij.openapi.application.impl.AnyThreadWriteThreadingSupport.runWriteIntentReadAction(AnyThreadWriteThreadingSupport.kt:84)
	at com.intellij.openapi.application.impl.ApplicationImpl.runWriteIntentReadAction(ApplicationImpl.java:910)
	at com.intellij.openapi.application.WriteIntentReadAction.compute(WriteIntentReadAction.java:55)
	at com.intellij.openapi.application.WriteIntentReadAction.run(WriteIntentReadAction.java:23)
	at com.intellij.ide.IdeEventQueueKt$performActivity$runnableWithWIL$1.invoke(IdeEventQueue.kt:1035)
	at com.intellij.ide.IdeEventQueueKt$performActivity$runnableWithWIL$1.invoke(IdeEventQueue.kt:1035)
	at com.intellij.ide.IdeEventQueueKt.performActivity$lambda$1(IdeEventQueue.kt:1036)
	at com.intellij.openapi.application.TransactionGuardImpl.performActivity(TransactionGuardImpl.java:114)
	at com.intellij.ide.IdeEventQueueKt.performActivity(IdeEventQueue.kt:1036)
	at com.intellij.ide.IdeEventQueue.dispatchEvent$lambda$10(IdeEventQueue.kt:351)
	at com.intellij.ide.IdeEventQueue.dispatchEvent(IdeEventQueue.kt:397)
	at java.desktop/java.awt.EventDispatchThread.pumpOneEventForFilters(EventDispatchThread.java:203)
	at java.desktop/java.awt.EventDispatchThread.pumpEventsForFilter(EventDispatchThread.java:124)
	at java.desktop/java.awt.EventDispatchThread.pumpEventsForHierarchy(EventDispatchThread.java:113)
	at java.desktop/java.awt.EventDispatchThread.pumpEvents(EventDispatchThread.java:109)
	at java.desktop/java.awt.EventDispatchThread.pumpEvents(EventDispatchThread.java:101)
	at java.desktop/java.awt.EventDispatchThread.run(EventDispatchThread.java:90)
2024-11-22 19:22:52,359 [9767396] SEVERE - #c.i.o.a.i.CoroutineExceptionHandlerImpl - Unhandled exception in Dispatchers.IO
com.intellij.openapi.util.TraceableDisposable$DisposalException: Editor is already disposed
	at com.intellij.openapi.util.TraceableDisposable.throwDisposalError(TraceableDisposable.java:48)
	at com.intellij.openapi.editor.impl.EditorImpl.throwDisposalError(EditorImpl.java:1068)
	at com.intellij.openapi.editor.impl.view.LogicalPositionCache.checkDisposed(LogicalPositionCache.java:191)
	at com.intellij.openapi.editor.impl.view.LogicalPositionCache.getLineInfo(LogicalPositionCache.java:176)
	at com.intellij.openapi.editor.impl.view.LogicalPositionCache.offsetToLogicalPosition(LogicalPositionCache.java:89)
	at com.intellij.openapi.editor.impl.view.EditorCoordinateMapper.offsetToLogicalPosition(EditorCoordinateMapper.java:91)
	at com.intellij.openapi.editor.impl.view.EditorCoordinateMapper.offsetToVisualPosition(EditorCoordinateMapper.java:234)
	at com.intellij.openapi.editor.impl.view.EditorView.offsetToVisualPosition(EditorView.java:201)
	at com.intellij.openapi.editor.impl.EditorImpl.lambda$offsetToVisualPosition$32(EditorImpl.java:1518)
	at com.intellij.openapi.application.impl.AnyThreadWriteThreadingSupport.runReadAction(AnyThreadWriteThreadingSupport.kt:228)
	at com.intellij.openapi.application.impl.AnyThreadWriteThreadingSupport.runReadAction(AnyThreadWriteThreadingSupport.kt:221)
	at com.intellij.openapi.application.impl.ApplicationImpl.runReadAction(ApplicationImpl.java:857)
	at com.intellij.openapi.application.ReadAction.compute(ReadAction.java:66)
	at com.intellij.openapi.editor.impl.EditorImpl.offsetToVisualPosition(EditorImpl.java:1518)
	at com.intellij.openapi.editor.impl.EditorImpl.offsetToVisualPosition(EditorImpl.java:1513)
	at com.intellij.openapi.editor.impl.view.VisualLineFragmentsIterator.<init>(VisualLineFragmentsIterator.java:92)
	at com.intellij.openapi.editor.impl.view.VisualLineFragmentsIterator.lambda$create$0(VisualLineFragmentsIterator.java:31)
	at com.intellij.openapi.editor.impl.view.EditorCoordinateMapper.xyToVisualPosition(EditorCoordinateMapper.java:333)
	at com.intellij.openapi.editor.impl.view.EditorView.xyToVisualPosition(EditorView.java:229)
	at com.intellij.openapi.editor.impl.EditorImpl.lambda$xyToVisualPosition$28(EditorImpl.java:1490)
	at com.intellij.openapi.application.impl.AnyThreadWriteThreadingSupport.runReadAction(AnyThreadWriteThreadingSupport.kt:228)
	at com.intellij.openapi.application.impl.AnyThreadWriteThreadingSupport.runReadAction(AnyThreadWriteThreadingSupport.kt:221)
	at com.intellij.openapi.application.impl.ApplicationImpl.runReadAction(ApplicationImpl.java:857)
	at com.intellij.openapi.application.ReadAction.compute(ReadAction.java:66)
	at com.intellij.openapi.editor.impl.EditorImpl.xyToVisualPosition(EditorImpl.java:1490)
	at com.intellij.openapi.editor.impl.EditorImpl.lambda$xyToLogicalPosition$36(EditorImpl.java:1562)
	at com.intellij.openapi.application.impl.AnyThreadWriteThreadingSupport.runReadAction(AnyThreadWriteThreadingSupport.kt:228)
	at com.intellij.openapi.application.impl.AnyThreadWriteThreadingSupport.runReadAction(AnyThreadWriteThreadingSupport.kt:221)
	at com.intellij.openapi.application.impl.ApplicationImpl.runReadAction(ApplicationImpl.java:857)
	at com.intellij.openapi.application.ReadAction.compute(ReadAction.java:66)
	at com.intellij.openapi.editor.impl.EditorImpl.xyToLogicalPosition(EditorImpl.java:1560)
	at com.codeium.intellij.language_server.LanguageServerService$prepareContextRefreshRequest$$inlined$Runnable$1.run(Runnable.kt:20)
	at com.intellij.util.concurrency.ContextRunnable.run(ContextRunnable.java:27)
	at com.intellij.util.concurrency.CancellationRunnable$run$1.invoke(CancellationRunnable.kt:21)
	at com.intellij.util.concurrency.CancellationRunnable$run$1.invoke(CancellationRunnable.kt:21)
	at com.intellij.util.concurrency.Propagation$runAsCoroutine$deferred$1.invokeSuspend(propagation.kt:229)
	at com.intellij.util.concurrency.Propagation$runAsCoroutine$deferred$1.invoke(propagation.kt)
	at com.intellij.util.concurrency.Propagation$runAsCoroutine$deferred$1.invoke(propagation.kt)
	at kotlinx.coroutines.intrinsics.UndispatchedKt.startCoroutineUndispatched(Undispatched.kt:27)
	at kotlinx.coroutines.CoroutineStart.invoke(CoroutineStart.kt:90)
	at kotlinx.coroutines.AbstractCoroutine.start(AbstractCoroutine.kt:123)
	at kotlinx.coroutines.BuildersKt__Builders_commonKt.async(Builders.common.kt:87)
	at kotlinx.coroutines.BuildersKt.async(Unknown Source)
	at com.intellij.util.concurrency.Propagation.runAsCoroutine(propagation.kt:224)
	at com.intellij.util.concurrency.CancellationRunnable.run(CancellationRunnable.kt:21)
	at com.intellij.openapi.application.TransactionGuardImpl.runWithWritingAllowed(TransactionGuardImpl.java:229)
	at com.intellij.openapi.application.TransactionGuardImpl.access$100(TransactionGuardImpl.java:22)
	at com.intellij.openapi.application.TransactionGuardImpl$1.run(TransactionGuardImpl.java:191)
	at com.intellij.openapi.application.impl.AnyThreadWriteThreadingSupport.runIntendedWriteActionOnCurrentThread$lambda$1(AnyThreadWriteThreadingSupport.kt:184)
	at com.intellij.openapi.application.impl.AnyThreadWriteThreadingSupport.runWriteIntentReadAction(AnyThreadWriteThreadingSupport.kt:84)
	at com.intellij.openapi.application.impl.AnyThreadWriteThreadingSupport.runIntendedWriteActionOnCurrentThread(AnyThreadWriteThreadingSupport.kt:183)
	at com.intellij.openapi.application.impl.ApplicationImpl.runIntendedWriteActionOnCurrentThread(ApplicationImpl.java:836)
	at com.intellij.openapi.application.impl.ApplicationImpl$2.run(ApplicationImpl.java:425)
	at com.intellij.openapi.application.impl.LaterInvocator$1.run(LaterInvocator.java:101)
	at com.intellij.openapi.application.impl.AnyThreadWriteThreadingSupport.runWithImplicitRead(AnyThreadWriteThreadingSupport.kt:122)
	at com.intellij.openapi.application.impl.ApplicationImpl.runWithImplicitRead(ApplicationImpl.java:1162)
	at com.intellij.openapi.application.impl.FlushQueue.doRun(FlushQueue.java:78)
	at com.intellij.openapi.application.impl.FlushQueue.runNextEvent(FlushQueue.java:119)
	at com.intellij.openapi.application.impl.FlushQueue.flushNow(FlushQueue.java:41)
	at java.desktop/java.awt.event.InvocationEvent.dispatch(InvocationEvent.java:318)
	at java.desktop/java.awt.EventQueue.dispatchEventImpl(EventQueue.java:773)
	at java.desktop/java.awt.EventQueue$4.run(EventQueue.java:720)
	at java.desktop/java.awt.EventQueue$4.run(EventQueue.java:714)
	at java.base/java.security.AccessController.doPrivileged(AccessController.java:400)
	at java.base/java.security.ProtectionDomain$JavaSecurityAccessImpl.doIntersectionPrivilege(ProtectionDomain.java:87)
	at java.desktop/java.awt.EventQueue.dispatchEvent(EventQueue.java:742)
	at com.intellij.ide.IdeEventQueue.defaultDispatchEvent(IdeEventQueue.kt:696)
	at com.intellij.ide.IdeEventQueue._dispatchEvent$lambda$16(IdeEventQueue.kt:590)
	at com.intellij.openapi.application.impl.AnyThreadWriteThreadingSupport.runWithoutImplicitRead(AnyThreadWriteThreadingSupport.kt:117)
	at com.intellij.ide.IdeEventQueue._dispatchEvent(IdeEventQueue.kt:590)
	at com.intellij.ide.IdeEventQueue.access$_dispatchEvent(IdeEventQueue.kt:73)
	at com.intellij.ide.IdeEventQueue$dispatchEvent$processEventRunnable$1$1$1$1.compute(IdeEventQueue.kt:357)
	at com.intellij.ide.IdeEventQueue$dispatchEvent$processEventRunnable$1$1$1$1.compute(IdeEventQueue.kt:356)
	at com.intellij.openapi.progress.impl.CoreProgressManager.computePrioritized(CoreProgressManager.java:843)
	at com.intellij.ide.IdeEventQueue$dispatchEvent$processEventRunnable$1$1$1.invoke(IdeEventQueue.kt:356)
	at com.intellij.ide.IdeEventQueue$dispatchEvent$processEventRunnable$1$1$1.invoke(IdeEventQueue.kt:351)
	at com.intellij.ide.IdeEventQueueKt$performActivity$runnableWithWIL$1.invoke$lambda$0(IdeEventQueue.kt:1035)
	at com.intellij.openapi.application.WriteIntentReadAction.lambda$run$0(WriteIntentReadAction.java:24)
	at com.intellij.openapi.application.impl.AnyThreadWriteThreadingSupport.runWriteIntentReadAction(AnyThreadWriteThreadingSupport.kt:84)
	at com.intellij.openapi.application.impl.ApplicationImpl.runWriteIntentReadAction(ApplicationImpl.java:910)
	at com.intellij.openapi.application.WriteIntentReadAction.compute(WriteIntentReadAction.java:55)
	at com.intellij.openapi.application.WriteIntentReadAction.run(WriteIntentReadAction.java:23)
	at com.intellij.ide.IdeEventQueueKt$performActivity$runnableWithWIL$1.invoke(IdeEventQueue.kt:1035)
	at com.intellij.ide.IdeEventQueueKt$performActivity$runnableWithWIL$1.invoke(IdeEventQueue.kt:1035)
	at com.intellij.ide.IdeEventQueueKt.performActivity$lambda$1(IdeEventQueue.kt:1036)
	at com.intellij.openapi.application.TransactionGuardImpl.performActivity(TransactionGuardImpl.java:114)
	at com.intellij.ide.IdeEventQueueKt.performActivity(IdeEventQueue.kt:1036)
	at com.intellij.ide.IdeEventQueue.dispatchEvent$lambda$10(IdeEventQueue.kt:351)
	at com.intellij.ide.IdeEventQueue.dispatchEvent(IdeEventQueue.kt:397)
	at com.intellij.openapi.progress.impl.PlatformTaskSupportKt.pumpEventsForHierarchy(PlatformTaskSupport.kt:399)
	at com.intellij.openapi.progress.impl.PlatformTaskSupportKt.pumpEventsForHierarchy(PlatformTaskSupport.kt:407)
	at com.intellij.ide.ShutdownKt$cancelAndJoinBlocking$1.invoke(shutdown.kt:41)
	at com.intellij.ide.ShutdownKt$cancelAndJoinBlocking$1.invoke(shutdown.kt:36)
	at com.intellij.ide.ShutdownKt.cancelAndJoinBlocking(shutdown.kt:84)
	at com.intellij.ide.ShutdownKt.cancelAndJoinBlocking(shutdown.kt:36)
	at com.intellij.openapi.application.impl.ApplicationImpl.disposeContainer(ApplicationImpl.java:189)
	at com.intellij.openapi.application.impl.ApplicationImpl.destructApplication(ApplicationImpl.java:626)
	at com.intellij.openapi.application.impl.ApplicationImpl.doExit(ApplicationImpl.java:557)
	at com.intellij.openapi.application.impl.ApplicationImpl.exit(ApplicationImpl.java:542)
	at com.intellij.openapi.application.impl.ApplicationImpl.exit(ApplicationImpl.java:531)
	at com.intellij.openapi.application.ex.ApplicationEx.exit(ApplicationEx.java:78)
	at com.intellij.openapi.wm.impl.CloseProjectWindowHelper.quitApp(CloseProjectWindowHelper.kt:67)
	at com.intellij.openapi.wm.impl.CloseProjectWindowHelper.windowClosing(CloseProjectWindowHelper.kt:47)
	at com.intellij.openapi.wm.impl.ProjectFrameHelper.windowClosing(ProjectFrameHelper.kt:428)
	at com.intellij.openapi.wm.impl.WindowCloseListener.windowClosing(ProjectFrameHelper.kt:451)
	at java.desktop/java.awt.AWTEventMulticaster.windowClosing(AWTEventMulticaster.java:357)
	at java.desktop/java.awt.Window.processWindowEvent(Window.java:2085)
	at java.desktop/javax.swing.JFrame.processWindowEvent(JFrame.java:298)
	at java.desktop/java.awt.Window.processEvent(Window.java:2044)
	at java.desktop/java.awt.Component.dispatchEventImpl(Component.java:4996)
	at java.desktop/java.awt.Container.dispatchEventImpl(Container.java:2324)
	at java.desktop/java.awt.Window.dispatchEventImpl(Window.java:2780)
	at java.desktop/java.awt.Component.dispatchEvent(Component.java:4828)
	at java.desktop/java.awt.EventQueue.dispatchEventImpl(EventQueue.java:775)
	at java.desktop/java.awt.EventQueue$4.run(EventQueue.java:720)
	at java.desktop/java.awt.EventQueue$4.run(EventQueue.java:714)
	at java.base/java.security.AccessController.doPrivileged(AccessController.java:400)
	at java.base/java.security.ProtectionDomain$JavaSecurityAccessImpl.doIntersectionPrivilege(ProtectionDomain.java:87)
	at java.base/java.security.ProtectionDomain$JavaSecurityAccessImpl.doIntersectionPrivilege(ProtectionDomain.java:98)
	at java.desktop/java.awt.EventQueue$5.run(EventQueue.java:747)
	at java.desktop/java.awt.EventQueue$5.run(EventQueue.java:745)
	at java.base/java.security.AccessController.doPrivileged(AccessController.java:400)
	at java.base/java.security.ProtectionDomain$JavaSecurityAccessImpl.doIntersectionPrivilege(ProtectionDomain.java:87)
	at java.desktop/java.awt.EventQueue.dispatchEvent(EventQueue.java:744)
	at com.intellij.ide.IdeEventQueue.defaultDispatchEvent(IdeEventQueue.kt:696)
	at com.intellij.ide.IdeEventQueue._dispatchEvent$lambda$16(IdeEventQueue.kt:590)
	at com.intellij.openapi.application.impl.AnyThreadWriteThreadingSupport.runWithoutImplicitRead(AnyThreadWriteThreadingSupport.kt:117)
	at com.intellij.ide.IdeEventQueue._dispatchEvent(IdeEventQueue.kt:590)
	at com.intellij.ide.IdeEventQueue.access$_dispatchEvent(IdeEventQueue.kt:73)
	at com.intellij.ide.IdeEventQueue$dispatchEvent$processEventRunnable$1$1$1$1.compute(IdeEventQueue.kt:357)
	at com.intellij.ide.IdeEventQueue$dispatchEvent$processEventRunnable$1$1$1$1.compute(IdeEventQueue.kt:356)
	at com.intellij.openapi.progress.impl.CoreProgressManager.computePrioritized(CoreProgressManager.java:843)
	at com.intellij.ide.IdeEventQueue$dispatchEvent$processEventRunnable$1$1$1.invoke(IdeEventQueue.kt:356)
	at com.intellij.ide.IdeEventQueue$dispatchEvent$processEventRunnable$1$1$1.invoke(IdeEventQueue.kt:351)
	at com.intellij.ide.IdeEventQueueKt$performActivity$runnableWithWIL$1.invoke$lambda$0(IdeEventQueue.kt:1035)
	at com.intellij.openapi.application.WriteIntentReadAction.lambda$run$0(WriteIntentReadAction.java:24)
	at com.intellij.openapi.application.impl.AnyThreadWriteThreadingSupport.runWriteIntentReadAction(AnyThreadWriteThreadingSupport.kt:84)
	at com.intellij.openapi.application.impl.ApplicationImpl.runWriteIntentReadAction(ApplicationImpl.java:910)
	at com.intellij.openapi.application.WriteIntentReadAction.compute(WriteIntentReadAction.java:55)
	at com.intellij.openapi.application.WriteIntentReadAction.run(WriteIntentReadAction.java:23)
	at com.intellij.ide.IdeEventQueueKt$performActivity$runnableWithWIL$1.invoke(IdeEventQueue.kt:1035)
	at com.intellij.ide.IdeEventQueueKt$performActivity$runnableWithWIL$1.invoke(IdeEventQueue.kt:1035)
	at com.intellij.ide.IdeEventQueueKt.performActivity$lambda$1(IdeEventQueue.kt:1036)
	at com.intellij.openapi.application.TransactionGuardImpl.performActivity(TransactionGuardImpl.java:114)
	at com.intellij.ide.IdeEventQueueKt.performActivity(IdeEventQueue.kt:1036)
	at com.intellij.ide.IdeEventQueue.dispatchEvent$lambda$10(IdeEventQueue.kt:351)
	at com.intellij.ide.IdeEventQueue.dispatchEvent(IdeEventQueue.kt:397)
	at java.desktop/java.awt.EventDispatchThread.pumpOneEventForFilters(EventDispatchThread.java:203)
	at java.desktop/java.awt.EventDispatchThread.pumpEventsForFilter(EventDispatchThread.java:124)
	at java.desktop/java.awt.EventDispatchThread.pumpEventsForHierarchy(EventDispatchThread.java:113)
	at java.desktop/java.awt.EventDispatchThread.pumpEvents(EventDispatchThread.java:109)
	at java.desktop/java.awt.EventDispatchThread.pumpEvents(EventDispatchThread.java:101)
	at java.desktop/java.awt.EventDispatchThread.run(EventDispatchThread.java:90)
Exception in thread "DefaultDispatcher-worker-1" com.intellij.openapi.util.TraceableDisposable$DisposalException: Editor is already disposed
	at com.intellij.openapi.util.TraceableDisposable.throwDisposalError(TraceableDisposable.java:48)
	at com.intellij.openapi.editor.impl.EditorImpl.throwDisposalError(EditorImpl.java:1068)
	at com.intellij.openapi.editor.impl.view.LogicalPositionCache.checkDisposed(LogicalPositionCache.java:191)
	at com.intellij.openapi.editor.impl.view.LogicalPositionCache.getLineInfo(LogicalPositionCache.java:176)
	at com.intellij.openapi.editor.impl.view.LogicalPositionCache.offsetToLogicalPosition(LogicalPositionCache.java:89)
	at com.intellij.openapi.editor.impl.view.EditorCoordinateMapper.offsetToLogicalPosition(EditorCoordinateMapper.java:91)
	at com.intellij.openapi.editor.impl.view.EditorCoordinateMapper.offsetToVisualPosition(EditorCoordinateMapper.java:234)
	at com.intellij.openapi.editor.impl.view.EditorView.offsetToVisualPosition(EditorView.java:201)
	at com.intellij.openapi.editor.impl.EditorImpl.lambda$offsetToVisualPosition$32(EditorImpl.java:1518)
	at com.intellij.openapi.application.impl.AnyThreadWriteThreadingSupport.runReadAction(AnyThreadWriteThreadingSupport.kt:228)
	at com.intellij.openapi.application.impl.AnyThreadWriteThreadingSupport.runReadAction(AnyThreadWriteThreadingSupport.kt:221)
	at com.intellij.openapi.application.impl.ApplicationImpl.runReadAction(ApplicationImpl.java:857)
	at com.intellij.openapi.application.ReadAction.compute(ReadAction.java:66)
	at com.intellij.openapi.editor.impl.EditorImpl.offsetToVisualPosition(EditorImpl.java:1518)
	at com.intellij.openapi.editor.impl.EditorImpl.offsetToVisualPosition(EditorImpl.java:1513)
	at com.intellij.openapi.editor.impl.view.VisualLineFragmentsIterator.<init>(VisualLineFragmentsIterator.java:92)
	at com.intellij.openapi.editor.impl.view.VisualLineFragmentsIterator.lambda$create$0(VisualLineFragmentsIterator.java:31)
	at com.intellij.openapi.editor.impl.view.EditorCoordinateMapper.xyToVisualPosition(EditorCoordinateMapper.java:333)
	at com.intellij.openapi.editor.impl.view.EditorView.xyToVisualPosition(EditorView.java:229)
	at com.intellij.openapi.editor.impl.EditorImpl.lambda$xyToVisualPosition$28(EditorImpl.java:1490)
	at com.intellij.openapi.application.impl.AnyThreadWriteThreadingSupport.runReadAction(AnyThreadWriteThreadingSupport.kt:228)
	at com.intellij.openapi.application.impl.AnyThreadWriteThreadingSupport.runReadAction(AnyThreadWriteThreadingSupport.kt:221)
	at com.intellij.openapi.application.impl.ApplicationImpl.runReadAction(ApplicationImpl.java:857)
	at com.intellij.openapi.application.ReadAction.compute(ReadAction.java:66)
	at com.intellij.openapi.editor.impl.EditorImpl.xyToVisualPosition(EditorImpl.java:1490)
	at com.intellij.openapi.editor.impl.EditorImpl.lambda$xyToLogicalPosition$36(EditorImpl.java:1562)
	at com.intellij.openapi.application.impl.AnyThreadWriteThreadingSupport.runReadAction(AnyThreadWriteThreadingSupport.kt:228)
	at com.intellij.openapi.application.impl.AnyThreadWriteThreadingSupport.runReadAction(AnyThreadWriteThreadingSupport.kt:221)
	at com.intellij.openapi.application.impl.ApplicationImpl.runReadAction(ApplicationImpl.java:857)
	at com.intellij.openapi.application.ReadAction.compute(ReadAction.java:66)
	at com.intellij.openapi.editor.impl.EditorImpl.xyToLogicalPosition(EditorImpl.java:1560)
2024-11-22 19:22:52,362 [9767399] SEVERE - #c.i.o.a.i.CoroutineExceptionHandlerImpl - IntelliJ IDEA 2024.2.0.2  Build #IC-242.20224.419
	at com.codeium.intellij.language_server.LanguageServerService$prepareContextRefreshRequest$$inlined$Runnable$1.run(Runnable.kt:20)
2024-11-22 19:22:52,362 [9767399] SEVERE - #c.i.o.a.i.CoroutineExceptionHandlerImpl - JDK: 21.0.4; VM: OpenJDK 64-Bit Server VM; Vendor: Arch Linux
	at com.intellij.util.concurrency.ContextRunnable.run(ContextRunnable.java:27)2024-11-22 19:22:52,362 [9767399] SEVERE - #c.i.o.a.i.CoroutineExceptionHandlerImpl - OS: Linux

	at com.intellij.util.concurrency.CancellationRunnable$run$1.invoke(CancellationRunnable.kt:21)
	at com.intellij.util.concurrency.CancellationRunnable$run$1.invoke(CancellationRunnable.kt:21)
	at com.intellij.util.concurrency.Propagation$runAsCoroutine$deferred$1.invokeSuspend(propagation.kt:229)
	at com.intellij.util.concurrency.Propagation$runAsCoroutine$deferred$1.invoke(propagation.kt)
	at com.intellij.util.concurrency.Propagation$runAsCoroutine$deferred$1.invoke(propagation.kt)
	at kotlinx.coroutines.intrinsics.UndispatchedKt.startCoroutineUndispatched(Undispatched.kt:27)
	at kotlinx.coroutines.CoroutineStart.invoke(CoroutineStart.kt:90)
	at kotlinx.coroutines.AbstractCoroutine.start(AbstractCoroutine.kt:123)
	at kotlinx.coroutines.BuildersKt__Builders_commonKt.async(Builders.common.kt:87)
	at kotlinx.coroutines.BuildersKt.async(Unknown Source)
	at com.intellij.util.concurrency.Propagation.runAsCoroutine(propagation.kt:224)
	at com.intellij.util.concurrency.CancellationRunnable.run(CancellationRunnable.kt:21)
	at com.intellij.openapi.application.TransactionGuardImpl.runWithWritingAllowed(TransactionGuardImpl.java:229)
	at com.intellij.openapi.application.TransactionGuardImpl.access$100(TransactionGuardImpl.java:22)
	at com.intellij.openapi.application.TransactionGuardImpl$1.run(TransactionGuardImpl.java:191)
	at com.intellij.openapi.application.impl.AnyThreadWriteThreadingSupport.runIntendedWriteActionOnCurrentThread$lambda$1(AnyThreadWriteThreadingSupport.kt:184)
2024-11-22 19:22:52,363 [9767400] SEVERE - #c.i.o.a.i.CoroutineExceptionHandlerImpl - Plugin to blame: Codeium: AI Autocomplete and Chat for Python, JS, Java, Go... version: 1.28.1
	at com.intellij.openapi.application.impl.AnyThreadWriteThreadingSupport.runWriteIntentReadAction(AnyThreadWriteThreadingSupport.kt:84)
	at com.intellij.openapi.application.impl.AnyThreadWriteThreadingSupport.runIntendedWriteActionOnCurrentThread(AnyThreadWriteThreadingSupport.kt:183)
	at com.intellij.openapi.application.impl.ApplicationImpl.runIntendedWriteActionOnCurrentThread(ApplicationImpl.java:836)
	at com.intellij.openapi.application.impl.ApplicationImpl$2.run(ApplicationImpl.java:425)
	at com.intellij.openapi.application.impl.LaterInvocator$1.run(LaterInvocator.java:101)
	at com.intellij.openapi.application.impl.AnyThreadWriteThreadingSupport.runWithImplicitRead(AnyThreadWriteThreadingSupport.kt:122)
	at com.intellij.openapi.application.impl.ApplicationImpl.runWithImplicitRead(ApplicationImpl.java:1162)
	at com.intellij.openapi.application.impl.FlushQueue.doRun(FlushQueue.java:78)
	at com.intellij.openapi.application.impl.FlushQueue.runNextEvent(FlushQueue.java:119)
	at com.intellij.openapi.application.impl.FlushQueue.flushNow(FlushQueue.java:41)
	at java.desktop/java.awt.event.InvocationEvent.dispatch(InvocationEvent.java:318)
	at java.desktop/java.awt.EventQueue.dispatchEventImpl(EventQueue.java:773)
	at java.desktop/java.awt.EventQueue$4.run(EventQueue.java:720)
	at java.desktop/java.awt.EventQueue$4.run(EventQueue.java:714)
	at java.base/java.security.AccessController.doPrivileged(AccessController.java:400)
	at java.base/java.security.ProtectionDomain$JavaSecurityAccessImpl.doIntersectionPrivilege(ProtectionDomain.java:87)
	at java.desktop/java.awt.EventQueue.dispatchEvent(EventQueue.java:742)
	at com.intellij.ide.IdeEventQueue.defaultDispatchEvent(IdeEventQueue.kt:696)
	at com.intellij.ide.IdeEventQueue._dispatchEvent$lambda$16(IdeEventQueue.kt:590)
	at com.intellij.openapi.application.impl.AnyThreadWriteThreadingSupport.runWithoutImplicitRead(AnyThreadWriteThreadingSupport.kt:117)
	at com.intellij.ide.IdeEventQueue._dispatchEvent(IdeEventQueue.kt:590)
	at com.intellij.ide.IdeEventQueue.access$_dispatchEvent(IdeEventQueue.kt:73)
	at com.intellij.ide.IdeEventQueue$dispatchEvent$processEventRunnable$1$1$1$1.compute(IdeEventQueue.kt:357)
	at com.intellij.ide.IdeEventQueue$dispatchEvent$processEventRunnable$1$1$1$1.compute(IdeEventQueue.kt:356)
	at com.intellij.openapi.progress.impl.CoreProgressManager.computePrioritized(CoreProgressManager.java:843)
	at com.intellij.ide.IdeEventQueue$dispatchEvent$processEventRunnable$1$1$1.invoke(IdeEventQueue.kt:356)
	at com.intellij.ide.IdeEventQueue$dispatchEvent$processEventRunnable$1$1$1.invoke(IdeEventQueue.kt:351)
	at com.intellij.ide.IdeEventQueueKt$performActivity$runnableWithWIL$1.invoke$lambda$0(IdeEventQueue.kt:1035)
	at com.intellij.openapi.application.WriteIntentReadAction.lambda$run$0(WriteIntentReadAction.java:24)
	at com.intellij.openapi.application.impl.AnyThreadWriteThreadingSupport.runWriteIntentReadAction(AnyThreadWriteThreadingSupport.kt:84)
	at com.intellij.openapi.application.impl.ApplicationImpl.runWriteIntentReadAction(ApplicationImpl.java:910)
	at com.intellij.openapi.application.WriteIntentReadAction.compute(WriteIntentReadAction.java:55)
	at com.intellij.openapi.application.WriteIntentReadAction.run(WriteIntentReadAction.java:23)
	at com.intellij.ide.IdeEventQueueKt$performActivity$runnableWithWIL$1.invoke(IdeEventQueue.kt:1035)
	at com.intellij.ide.IdeEventQueueKt$performActivity$runnableWithWIL$1.invoke(IdeEventQueue.kt:1035)
	at com.intellij.ide.IdeEventQueueKt.performActivity$lambda$1(IdeEventQueue.kt:1036)
	at com.intellij.openapi.application.TransactionGuardImpl.performActivity(TransactionGuardImpl.java:114)
	at com.intellij.ide.IdeEventQueueKt.performActivity(IdeEventQueue.kt:1036)
	at com.intellij.ide.IdeEventQueue.dispatchEvent$lambda$10(IdeEventQueue.kt:351)
	at com.intellij.ide.IdeEventQueue.dispatchEvent(IdeEventQueue.kt:397)
	at com.intellij.openapi.progress.impl.PlatformTaskSupportKt.pumpEventsForHierarchy(PlatformTaskSupport.kt:399)
	at com.intellij.openapi.progress.impl.PlatformTaskSupportKt.pumpEventsForHierarchy(PlatformTaskSupport.kt:407)
	at com.intellij.ide.ShutdownKt$cancelAndJoinBlocking$1.invoke(shutdown.kt:41)
	at com.intellij.ide.ShutdownKt$cancelAndJoinBlocking$1.invoke(shutdown.kt:36)
	at com.intellij.ide.ShutdownKt.cancelAndJoinBlocking(shutdown.kt:84)
	at com.intellij.ide.ShutdownKt.cancelAndJoinBlocking(shutdown.kt:36)
	at com.intellij.openapi.application.impl.ApplicationImpl.disposeContainer(ApplicationImpl.java:189)
	at com.intellij.openapi.application.impl.ApplicationImpl.destructApplication(ApplicationImpl.java:626)
	at com.intellij.openapi.application.impl.ApplicationImpl.doExit(ApplicationImpl.java:557)
	at com.intellij.openapi.application.impl.ApplicationImpl.exit(ApplicationImpl.java:542)
	at com.intellij.openapi.application.impl.ApplicationImpl.exit(ApplicationImpl.java:531)
	at com.intellij.openapi.application.ex.ApplicationEx.exit(ApplicationEx.java:78)
	at com.intellij.openapi.wm.impl.CloseProjectWindowHelper.quitApp(CloseProjectWindowHelper.kt:67)
	at com.intellij.openapi.wm.impl.CloseProjectWindowHelper.windowClosing(CloseProjectWindowHelper.kt:47)
	at com.intellij.openapi.wm.impl.ProjectFrameHelper.windowClosing(ProjectFrameHelper.kt:428)
	at com.intellij.openapi.wm.impl.WindowCloseListener.windowClosing(ProjectFrameHelper.kt:451)
	at java.desktop/java.awt.AWTEventMulticaster.windowClosing(AWTEventMulticaster.java:357)
	at java.desktop/java.awt.Window.processWindowEvent(Window.java:2085)
	at java.desktop/javax.swing.JFrame.processWindowEvent(JFrame.java:298)
	at java.desktop/java.awt.Window.processEvent(Window.java:2044)
	at java.desktop/java.awt.Component.dispatchEventImpl(Component.java:4996)
	at java.desktop/java.awt.Container.dispatchEventImpl(Container.java:2324)
	at java.desktop/java.awt.Window.dispatchEventImpl(Window.java:2780)
	at java.desktop/java.awt.Component.dispatchEvent(Component.java:4828)
	at java.desktop/java.awt.EventQueue.dispatchEventImpl(EventQueue.java:775)
	at java.desktop/java.awt.EventQueue$4.run(EventQueue.java:720)
	at java.desktop/java.awt.EventQueue$4.run(EventQueue.java:714)
	at java.base/java.security.AccessController.doPrivileged(AccessController.java:400)
	at java.base/java.security.ProtectionDomain$JavaSecurityAccessImpl.doIntersectionPrivilege(ProtectionDomain.java:87)
	at java.base/java.security.ProtectionDomain$JavaSecurityAccessImpl.doIntersectionPrivilege(ProtectionDomain.java:98)
	at java.desktop/java.awt.EventQueue$5.run(EventQueue.java:747)
	at java.desktop/java.awt.EventQueue$5.run(EventQueue.java:745)
	at java.base/java.security.AccessController.doPrivileged(AccessController.java:400)
	at java.base/java.security.ProtectionDomain$JavaSecurityAccessImpl.doIntersectionPrivilege(ProtectionDomain.java:87)
	at java.desktop/java.awt.EventQueue.dispatchEvent(EventQueue.java:744)
	at com.intellij.ide.IdeEventQueue.defaultDispatchEvent(IdeEventQueue.kt:696)
	at com.intellij.ide.IdeEventQueue._dispatchEvent$lambda$16(IdeEventQueue.kt:590)
	at com.intellij.openapi.application.impl.AnyThreadWriteThreadingSupport.runWithoutImplicitRead(AnyThreadWriteThreadingSupport.kt:117)
	at com.intellij.ide.IdeEventQueue._dispatchEvent(IdeEventQueue.kt:590)
	at com.intellij.ide.IdeEventQueue.access$_dispatchEvent(IdeEventQueue.kt:73)
	at com.intellij.ide.IdeEventQueue$dispatchEvent$processEventRunnable$1$1$1$1.compute(IdeEventQueue.kt:357)
	at com.intellij.ide.IdeEventQueue$dispatchEvent$processEventRunnable$1$1$1$1.compute(IdeEventQueue.kt:356)
	at com.intellij.openapi.progress.impl.CoreProgressManager.computePrioritized(CoreProgressManager.java:843)
	at com.intellij.ide.IdeEventQueue$dispatchEvent$processEventRunnable$1$1$1.invoke(IdeEventQueue.kt:356)
	at com.intellij.ide.IdeEventQueue$dispatchEvent$processEventRunnable$1$1$1.invoke(IdeEventQueue.kt:351)
	at com.intellij.ide.IdeEventQueueKt$performActivity$runnableWithWIL$1.invoke$lambda$0(IdeEventQueue.kt:1035)
	at com.intellij.openapi.application.WriteIntentReadAction.lambda$run$0(WriteIntentReadAction.java:24)
	at com.intellij.openapi.application.impl.AnyThreadWriteThreadingSupport.runWriteIntentReadAction(AnyThreadWriteThreadingSupport.kt:84)
	at com.intellij.openapi.application.impl.ApplicationImpl.runWriteIntentReadAction(ApplicationImpl.java:910)
	at com.intellij.openapi.application.WriteIntentReadAction.compute(WriteIntentReadAction.java:55)
	at com.intellij.openapi.application.WriteIntentReadAction.run(WriteIntentReadAction.java:23)
	at com.intellij.ide.IdeEventQueueKt$performActivity$runnableWithWIL$1.invoke(IdeEventQueue.kt:1035)
	at com.intellij.ide.IdeEventQueueKt$performActivity$runnableWithWIL$1.invoke(IdeEventQueue.kt:1035)
	at com.intellij.ide.IdeEventQueueKt.performActivity$lambda$1(IdeEventQueue.kt:1036)
	at com.intellij.openapi.application.TransactionGuardImpl.performActivity(TransactionGuardImpl.java:114)
	at com.intellij.ide.IdeEventQueueKt.performActivity(IdeEventQueue.kt:1036)
	at com.intellij.ide.IdeEventQueue.dispatchEvent$lambda$10(IdeEventQueue.kt:351)
	at com.intellij.ide.IdeEventQueue.dispatchEvent(IdeEventQueue.kt:397)
	at java.desktop/java.awt.EventDispatchThread.pumpOneEventForFilters(EventDispatchThread.java:203)
	at java.desktop/java.awt.EventDispatchThread.pumpEventsForFilter(EventDispatchThread.java:124)
	at java.desktop/java.awt.EventDispatchThread.pumpEventsForHierarchy(EventDispatchThread.java:113)
	at java.desktop/java.awt.EventDispatchThread.pumpEvents(EventDispatchThread.java:109)
	at java.desktop/java.awt.EventDispatchThread.pumpEvents(EventDispatchThread.java:101)
	at java.desktop/java.awt.EventDispatchThread.run(EventDispatchThread.java:90)
	Suppressed: kotlinx.coroutines.internal.DiagnosticCoroutineContextException: [StandaloneCoroutine{Cancelling}@5bf06739, Dispatchers.IO]
Exception in thread "DefaultDispatcher-worker-9" com.intellij.openapi.util.TraceableDisposable$DisposalException: Editor is already disposed
	at com.intellij.openapi.util.TraceableDisposable.throwDisposalError(TraceableDisposable.java:48)
	at com.intellij.openapi.editor.impl.EditorImpl.throwDisposalError(EditorImpl.java:1068)
	at com.intellij.openapi.editor.impl.view.LogicalPositionCache.checkDisposed(LogicalPositionCache.java:191)
	at com.intellij.openapi.editor.impl.view.LogicalPositionCache.getLineInfo(LogicalPositionCache.java:176)
	at com.intellij.openapi.editor.impl.view.LogicalPositionCache.offsetToLogicalPosition(LogicalPositionCache.java:89)
	at com.intellij.openapi.editor.impl.view.EditorCoordinateMapper.offsetToLogicalPosition(EditorCoordinateMapper.java:91)
	at com.intellij.openapi.editor.impl.view.EditorCoordinateMapper.offsetToVisualPosition(EditorCoordinateMapper.java:234)
	at com.intellij.openapi.editor.impl.view.EditorView.offsetToVisualPosition(EditorView.java:201)
	at com.intellij.openapi.editor.impl.EditorImpl.lambda$offsetToVisualPosition$32(EditorImpl.java:1518)
	at com.intellij.openapi.application.impl.AnyThreadWriteThreadingSupport.runReadAction(AnyThreadWriteThreadingSupport.kt:228)
	at com.intellij.openapi.application.impl.AnyThreadWriteThreadingSupport.runReadAction(AnyThreadWriteThreadingSupport.kt:221)
	at com.intellij.openapi.application.impl.ApplicationImpl.runReadAction(ApplicationImpl.java:857)
	at com.intellij.openapi.application.ReadAction.compute(ReadAction.java:66)
	at com.intellij.openapi.editor.impl.EditorImpl.offsetToVisualPosition(EditorImpl.java:1518)
	at com.intellij.openapi.editor.impl.EditorImpl.offsetToVisualPosition(EditorImpl.java:1513)
	at com.intellij.openapi.editor.impl.view.VisualLineFragmentsIterator.<init>(VisualLineFragmentsIterator.java:92)
	at com.intellij.openapi.editor.impl.view.VisualLineFragmentsIterator.lambda$create$0(VisualLineFragmentsIterator.java:31)
	at com.intellij.openapi.editor.impl.view.EditorCoordinateMapper.xyToVisualPosition(EditorCoordinateMapper.java:333)
	at com.intellij.openapi.editor.impl.view.EditorView.xyToVisualPosition(EditorView.java:229)
	at com.intellij.openapi.editor.impl.EditorImpl.lambda$xyToVisualPosition$28(EditorImpl.java:1490)
	at com.intellij.openapi.application.impl.AnyThreadWriteThreadingSupport.runReadAction(AnyThreadWriteThreadingSupport.kt:228)
	at com.intellij.openapi.application.impl.AnyThreadWriteThreadingSupport.runReadAction(AnyThreadWriteThreadingSupport.kt:221)
	at com.intellij.openapi.application.impl.ApplicationImpl.runReadAction(ApplicationImpl.java:857)
	at com.intellij.openapi.application.ReadAction.compute(ReadAction.java:66)
	at com.intellij.openapi.editor.impl.EditorImpl.xyToVisualPosition(EditorImpl.java:1490)
	at com.intellij.openapi.editor.impl.EditorImpl.lambda$xyToLogicalPosition$36(EditorImpl.java:1562)
	at com.intellij.openapi.application.impl.AnyThreadWriteThreadingSupport.runReadAction(AnyThreadWriteThreadingSupport.kt:228)
	at com.intellij.openapi.application.impl.AnyThreadWriteThreadingSupport.runReadAction(AnyThreadWriteThreadingSupport.kt:221)
	at com.intellij.openapi.application.impl.ApplicationImpl.runReadAction(ApplicationImpl.java:857)
	at com.intellij.openapi.application.ReadAction.compute(ReadAction.java:66)
	at com.intellij.openapi.editor.impl.EditorImpl.xyToLogicalPosition(EditorImpl.java:1560)
	at com.codeium.intellij.language_server.LanguageServerService$prepareContextRefreshRequest$$inlined$Runnable$1.run(Runnable.kt:20)
	at com.intellij.util.concurrency.ContextRunnable.run(ContextRunnable.java:27)
	at com.intellij.util.concurrency.CancellationRunnable$run$1.invoke(CancellationRunnable.kt:21)
	at com.intellij.util.concurrency.CancellationRunnable$run$1.invoke(CancellationRunnable.kt:21)
	at com.intellij.util.concurrency.Propagation$runAsCoroutine$deferred$1.invokeSuspend(propagation.kt:229)
	at com.intellij.util.concurrency.Propagation$runAsCoroutine$deferred$1.invoke(propagation.kt)
	at com.intellij.util.concurrency.Propagation$runAsCoroutine$deferred$1.invoke(propagation.kt)
	at kotlinx.coroutines.intrinsics.UndispatchedKt.startCoroutineUndispatched(Undispatched.kt:27)
	at kotlinx.coroutines.CoroutineStart.invoke(CoroutineStart.kt:90)
	at kotlinx.coroutines.AbstractCoroutine.start(AbstractCoroutine.kt:123)
	at kotlinx.coroutines.BuildersKt__Builders_commonKt.async(Builders.common.kt:87)
	at kotlinx.coroutines.BuildersKt.async(Unknown Source)
	at com.intellij.util.concurrency.Propagation.runAsCoroutine(propagation.kt:224)
	at com.intellij.util.concurrency.CancellationRunnable.run(CancellationRunnable.kt:21)
	at com.intellij.openapi.application.TransactionGuardImpl.runWithWritingAllowed(TransactionGuardImpl.java:229)
	at com.intellij.openapi.application.TransactionGuardImpl.access$100(TransactionGuardImpl.java:22)
	at com.intellij.openapi.application.TransactionGuardImpl$1.run(TransactionGuardImpl.java:191)
	at com.intellij.openapi.application.impl.AnyThreadWriteThreadingSupport.runIntendedWriteActionOnCurrentThread$lambda$1(AnyThreadWriteThreadingSupport.kt:184)
	at com.intellij.openapi.application.impl.AnyThreadWriteThreadingSupport.runWriteIntentReadAction(AnyThreadWriteThreadingSupport.kt:84)
	at com.intellij.openapi.application.impl.AnyThreadWriteThreadingSupport.runIntendedWriteActionOnCurrentThread(AnyThreadWriteThreadingSupport.kt:183)
	at com.intellij.openapi.application.impl.ApplicationImpl.runIntendedWriteActionOnCurrentThread(ApplicationImpl.java:836)
	at com.intellij.openapi.application.impl.ApplicationImpl$2.run(ApplicationImpl.java:425)
	at com.intellij.openapi.application.impl.LaterInvocator$1.run(LaterInvocator.java:101)
	at com.intellij.openapi.application.impl.AnyThreadWriteThreadingSupport.runWithImplicitRead(AnyThreadWriteThreadingSupport.kt:122)
	at com.intellij.openapi.application.impl.ApplicationImpl.runWithImplicitRead(ApplicationImpl.java:1162)
	at com.intellij.openapi.application.impl.FlushQueue.doRun(FlushQueue.java:78)
	at com.intellij.openapi.application.impl.FlushQueue.runNextEvent(FlushQueue.java:119)
	at com.intellij.openapi.application.impl.FlushQueue.flushNow(FlushQueue.java:41)
	at java.desktop/java.awt.event.InvocationEvent.dispatch(InvocationEvent.java:318)
	at java.desktop/java.awt.EventQueue.dispatchEventImpl(EventQueue.java:773)
	at java.desktop/java.awt.EventQueue$4.run(EventQueue.java:720)
	at java.desktop/java.awt.EventQueue$4.run(EventQueue.java:714)
	at java.base/java.security.AccessController.doPrivileged(AccessController.java:400)
	at java.base/java.security.ProtectionDomain$JavaSecurityAccessImpl.doIntersectionPrivilege(ProtectionDomain.java:87)
	at java.desktop/java.awt.EventQueue.dispatchEvent(EventQueue.java:742)
	at com.intellij.ide.IdeEventQueue.defaultDispatchEvent(IdeEventQueue.kt:696)
	at com.intellij.ide.IdeEventQueue._dispatchEvent$lambda$16(IdeEventQueue.kt:590)
	at com.intellij.openapi.application.impl.AnyThreadWriteThreadingSupport.runWithoutImplicitRead(AnyThreadWriteThreadingSupport.kt:117)
	at com.intellij.ide.IdeEventQueue._dispatchEvent(IdeEventQueue.kt:590)
	at com.intellij.ide.IdeEventQueue.access$_dispatchEvent(IdeEventQueue.kt:73)
	at com.intellij.ide.IdeEventQueue$dispatchEvent$processEventRunnable$1$1$1$1.compute(IdeEventQueue.kt:357)
	at com.intellij.ide.IdeEventQueue$dispatchEvent$processEventRunnable$1$1$1$1.compute(IdeEventQueue.kt:356)
	at com.intellij.openapi.progress.impl.CoreProgressManager.computePrioritized(CoreProgressManager.java:843)
	at com.intellij.ide.IdeEventQueue$dispatchEvent$processEventRunnable$1$1$1.invoke(IdeEventQueue.kt:356)
	at com.intellij.ide.IdeEventQueue$dispatchEvent$processEventRunnable$1$1$1.invoke(IdeEventQueue.kt:351)
	at com.intellij.ide.IdeEventQueueKt$performActivity$runnableWithWIL$1.invoke$lambda$0(IdeEventQueue.kt:1035)
	at com.intellij.openapi.application.WriteIntentReadAction.lambda$run$0(WriteIntentReadAction.java:24)
	at com.intellij.openapi.application.impl.AnyThreadWriteThreadingSupport.runWriteIntentReadAction(AnyThreadWriteThreadingSupport.kt:84)
	at com.intellij.openapi.application.impl.ApplicationImpl.runWriteIntentReadAction(ApplicationImpl.java:910)
	at com.intellij.openapi.application.WriteIntentReadAction.compute(WriteIntentReadAction.java:55)
	at com.intellij.openapi.application.WriteIntentReadAction.run(WriteIntentReadAction.java:23)
	at com.intellij.ide.IdeEventQueueKt$performActivity$runnableWithWIL$1.invoke(IdeEventQueue.kt:1035)
	at com.intellij.ide.IdeEventQueueKt$performActivity$runnableWithWIL$1.invoke(IdeEventQueue.kt:1035)
	at com.intellij.ide.IdeEventQueueKt.performActivity$lambda$1(IdeEventQueue.kt:1036)
	at com.intellij.openapi.application.TransactionGuardImpl.performActivity(TransactionGuardImpl.java:114)
	at com.intellij.ide.IdeEventQueueKt.performActivity(IdeEventQueue.kt:1036)
	at com.intellij.ide.IdeEventQueue.dispatchEvent$lambda$10(IdeEventQueue.kt:351)
	at com.intellij.ide.IdeEventQueue.dispatchEvent(IdeEventQueue.kt:397)
	at com.intellij.openapi.progress.impl.PlatformTaskSupportKt.pumpEventsForHierarchy(PlatformTaskSupport.kt:399)
	at com.intellij.openapi.progress.impl.PlatformTaskSupportKt.pumpEventsForHierarchy(PlatformTaskSupport.kt:407)
	at com.intellij.ide.ShutdownKt$cancelAndJoinBlocking$1.invoke(shutdown.kt:41)
	at com.intellij.ide.ShutdownKt$cancelAndJoinBlocking$1.invoke(shutdown.kt:36)
	at com.intellij.ide.ShutdownKt.cancelAndJoinBlocking(shutdown.kt:84)
	at com.intellij.ide.ShutdownKt.cancelAndJoinBlocking(shutdown.kt:36)
	at com.intellij.openapi.application.impl.ApplicationImpl.disposeContainer(ApplicationImpl.java:189)
	at com.intellij.openapi.application.impl.ApplicationImpl.destructApplication(ApplicationImpl.java:626)
	at com.intellij.openapi.application.impl.ApplicationImpl.doExit(ApplicationImpl.java:557)
	at com.intellij.openapi.application.impl.ApplicationImpl.exit(ApplicationImpl.java:542)
	at com.intellij.openapi.application.impl.ApplicationImpl.exit(ApplicationImpl.java:531)
	at com.intellij.openapi.application.ex.ApplicationEx.exit(ApplicationEx.java:78)
	at com.intellij.openapi.wm.impl.CloseProjectWindowHelper.quitApp(CloseProjectWindowHelper.kt:67)
	at com.intellij.openapi.wm.impl.CloseProjectWindowHelper.windowClosing(CloseProjectWindowHelper.kt:47)
	at com.intellij.openapi.wm.impl.ProjectFrameHelper.windowClosing(ProjectFrameHelper.kt:428)
	at com.intellij.openapi.wm.impl.WindowCloseListener.windowClosing(ProjectFrameHelper.kt:451)
	at java.desktop/java.awt.AWTEventMulticaster.windowClosing(AWTEventMulticaster.java:357)
	at java.desktop/java.awt.Window.processWindowEvent(Window.java:2085)
	at java.desktop/javax.swing.JFrame.processWindowEvent(JFrame.java:298)
	at java.desktop/java.awt.Window.processEvent(Window.java:2044)
	at java.desktop/java.awt.Component.dispatchEventImpl(Component.java:4996)
	at java.desktop/java.awt.Container.dispatchEventImpl(Container.java:2324)
	at java.desktop/java.awt.Window.dispatchEventImpl(Window.java:2780)
	at java.desktop/java.awt.Component.dispatchEvent(Component.java:4828)
	at java.desktop/java.awt.EventQueue.dispatchEventImpl(EventQueue.java:775)
	at java.desktop/java.awt.EventQueue$4.run(EventQueue.java:720)
	at java.desktop/java.awt.EventQueue$4.run(EventQueue.java:714)
	at java.base/java.security.AccessController.doPrivileged(AccessController.java:400)
	at java.base/java.security.ProtectionDomain$JavaSecurityAccessImpl.doIntersectionPrivilege(ProtectionDomain.java:87)
	at java.base/java.security.ProtectionDomain$JavaSecurityAccessImpl.doIntersectionPrivilege(ProtectionDomain.java:98)
	at java.desktop/java.awt.EventQueue$5.run(EventQueue.java:747)
	at java.desktop/java.awt.EventQueue$5.run(EventQueue.java:745)
	at java.base/java.security.AccessController.doPrivileged(AccessController.java:400)
	at java.base/java.security.ProtectionDomain$JavaSecurityAccessImpl.doIntersectionPrivilege(ProtectionDomain.java:87)
	at java.desktop/java.awt.EventQueue.dispatchEvent(EventQueue.java:744)
	at com.intellij.ide.IdeEventQueue.defaultDispatchEvent(IdeEventQueue.kt:696)
	at com.intellij.ide.IdeEventQueue._dispatchEvent$lambda$16(IdeEventQueue.kt:590)
	at com.intellij.openapi.application.impl.AnyThreadWriteThreadingSupport.runWithoutImplicitRead(AnyThreadWriteThreadingSupport.kt:117)
	at com.intellij.ide.IdeEventQueue._dispatchEvent(IdeEventQueue.kt:590)
	at com.intellij.ide.IdeEventQueue.access$_dispatchEvent(IdeEventQueue.kt:73)
	at com.intellij.ide.IdeEventQueue$dispatchEvent$processEventRunnable$1$1$1$1.compute(IdeEventQueue.kt:357)
	at com.intellij.ide.IdeEventQueue$dispatchEvent$processEventRunnable$1$1$1$1.compute(IdeEventQueue.kt:356)
	at com.intellij.openapi.progress.impl.CoreProgressManager.computePrioritized(CoreProgressManager.java:843)
	at com.intellij.ide.IdeEventQueue$dispatchEvent$processEventRunnable$1$1$1.invoke(IdeEventQueue.kt:356)
	at com.intellij.ide.IdeEventQueue$dispatchEvent$processEventRunnable$1$1$1.invoke(IdeEventQueue.kt:351)
	at com.intellij.ide.IdeEventQueueKt$performActivity$runnableWithWIL$1.invoke$lambda$0(IdeEventQueue.kt:1035)
	at com.intellij.openapi.application.WriteIntentReadAction.lambda$run$0(WriteIntentReadAction.java:24)
	at com.intellij.openapi.application.impl.AnyThreadWriteThreadingSupport.runWriteIntentReadAction(AnyThreadWriteThreadingSupport.kt:84)
	at com.intellij.openapi.application.impl.ApplicationImpl.runWriteIntentReadAction(ApplicationImpl.java:910)
	at com.intellij.openapi.application.WriteIntentReadAction.compute(WriteIntentReadAction.java:55)
	at com.intellij.openapi.application.WriteIntentReadAction.run(WriteIntentReadAction.java:23)
	at com.intellij.ide.IdeEventQueueKt$performActivity$runnableWithWIL$1.invoke(IdeEventQueue.kt:1035)
	at com.intellij.ide.IdeEventQueueKt$performActivity$runnableWithWIL$1.invoke(IdeEventQueue.kt:1035)
	at com.intellij.ide.IdeEventQueueKt.performActivity$lambda$1(IdeEventQueue.kt:1036)
	at com.intellij.openapi.application.TransactionGuardImpl.performActivity(TransactionGuardImpl.java:114)
	at com.intellij.ide.IdeEventQueueKt.performActivity(IdeEventQueue.kt:1036)
	at com.intellij.ide.IdeEventQueue.dispatchEvent$lambda$10(IdeEventQueue.kt:351)
	at com.intellij.ide.IdeEventQueue.dispatchEvent(IdeEventQueue.kt:397)
	at java.desktop/java.awt.EventDispatchThread.pumpOneEventForFilters(EventDispatchThread.java:203)
	at java.desktop/java.awt.EventDispatchThread.pumpEventsForFilter(EventDispatchThread.java:124)
	at java.desktop/java.awt.EventDispatchThread.pumpEventsForHierarchy(EventDispatchThread.java:113)
	at java.desktop/java.awt.EventDispatchThread.pumpEvents(EventDispatchThread.java:109)
	at java.desktop/java.awt.EventDispatchThread.pumpEvents(EventDispatchThread.java:101)
	at java.desktop/java.awt.EventDispatchThread.run(EventDispatchThread.java:90)
	Suppressed: kotlinx.coroutines.internal.DiagnosticCoroutineContextException: [StandaloneCoroutine{Cancelling}@120afc17, Dispatchers.IO]
2024-11-22 19:22:52,380 [9767417]   WARN - #com.codeium.intellij.chat_server_client.ChatServerClient - [ChatServerClient] WebSocket connection failed with error: java.io.EOFException
[0.002s][warning][cds] Archived non-system classes are disabled because the java.system.class.loader property is specified (value = "com.intellij.util.lang.PathClassLoader"). To use archived non-system classes, this property must not be set
2024-11-22 20:57:27,117 [    263]   WARN - c.i.o.u.r.overrides - Conflicting registry key definition for key kotlin.mpp.tests.force.gradle: it was defined by plugin org.jetbrains.kotlin but redefined by plugin org.jetbrains.kotlin. Consider adding overrides="true" for one of the plugins, see the documentation for com.intellij.openapi.util.registry.RegistryKeyBean.overrides for more details.
2024-11-22 20:57:27,193 [    339]   WARN - #c.i.o.e.i.FontFamilyServiceImpl - Couldn't access required runtime API, will fall back to basic logic of font selection
2024-11-22 20:57:28,189 [   1335]   WARN - #c.i.s.ComponentManagerImpl - `preload=NOT_HEADLESS` must be used only for core services (service=org.jetbrains.kotlin.idea.search.refIndex.KotlinCompilerReferenceIndexService, plugin=org.jetbrains.kotlin)
2024-11-22 20:57:28,189 [   1335]   WARN - #c.i.s.ComponentManagerImpl - `preload=TRUE` must be used only for core services (service=org.jetbrains.idea.maven.project.MavenProjectsManagerEx, plugin=org.jetbrains.idea.maven)
2024-11-22 20:57:28,190 [   1336]   WARN - #c.i.s.ComponentManagerImpl - `preload=TRUE` must be used only for core services (service=org.jetbrains.idea.maven.navigator.MavenProjectsNavigator, plugin=org.jetbrains.idea.maven)
2024-11-22 20:57:28,190 [   1336]   WARN - #c.i.s.ComponentManagerImpl - `preload=TRUE` must be used only for core services (service=org.jetbrains.idea.maven.tasks.MavenShortcutsManager, plugin=org.jetbrains.idea.maven)
2024-11-22 20:57:28,609 [   1755]   WARN - #c.i.u.j.JBCefApp - JCefAppConfig.class is not from a JBR module, url: jar:file:/usr/share/idea/lib/lib.jar!/com/jetbrains/cef/JCefAppConfig.class (Use JBR bundled with the IDE)
2024-11-22 20:57:29,793 [   2939]   WARN - #c.i.o.a.Application - issue detected: ide.script.launcher.used (ignored)
2024-11-22 20:57:29,830 [   2976]   WARN - #o.j.p.t.TextMateService - Cannot find referenced file `./syntaxes/asp-vb-net.tmLanguage.json` in bundle `/usr/share/idea/plugins/textmate/lib/bundles/vb`
ERROR StatusLogger Log4j2 could not find a logging implementation. Please add log4j-core to the classpath. Using SimpleLogger to log to the console...
2024-11-22 20:58:27,830 [  60976]   WARN - #c.i.u.x.Binding - No accessors for org.jetbrains.kotlin.cli.common.arguments.InternalArgument. This means that state class cannot be serialized properly. Please see https://jb.gg/ij-psoc
2024-11-22 20:58:28,678 [  61824]   WARN - #o.j.k.i.s.r.KotlinCompilerReferenceIndexStorage - kotlin-data-container is not found
2024-11-22 21:00:45,914 [ 199060]   WARN - #com.codeium.intellij.language_server.LanguageServerService - Error getting completions
io.grpc.StatusException: UNKNOWN: granular trajectory is not yet available
	at io.grpc.Status.asException(Status.java:548)
	at io.grpc.kotlin.ClientCalls$rpcImpl$1$1$1.onClose(ClientCalls.kt:300)
	at io.grpc.internal.ClientCallImpl.closeObserver(ClientCallImpl.java:564)
	at io.grpc.internal.ClientCallImpl.access$100(ClientCallImpl.java:72)
	at io.grpc.internal.ClientCallImpl$ClientStreamListenerImpl$1StreamClosed.runInternal(ClientCallImpl.java:729)
	at io.grpc.internal.ClientCallImpl$ClientStreamListenerImpl$1StreamClosed.runInContext(ClientCallImpl.java:710)
	at io.grpc.internal.ContextRunnable.run(ContextRunnable.java:37)
	at io.grpc.internal.SerializingExecutor.run(SerializingExecutor.java:133)
	at java.base/java.util.concurrent.ThreadPoolExecutor.runWorker(ThreadPoolExecutor.java:1144)
	at java.base/java.util.concurrent.ThreadPoolExecutor$Worker.run(ThreadPoolExecutor.java:642)
	at java.base/java.lang.Thread.run(Thread.java:1583)
2024-11-22 21:02:30,978 [ 304124]   WARN - org.apache.http.client.protocol.ResponseProcessCookies - Invalid cookie header: "Set-Cookie: _octo=GH1.1.1814610858.1732320150; Path=/; Domain=github.com; Expires=Sun, 23 Nov 2025 00:02:30 GMT; Secure; SameSite=Lax". Invalid 'expires' attribute: Sun, 23 Nov 2025 00:02:30 GMT
2024-11-22 21:02:30,978 [ 304124]   WARN - org.apache.http.client.protocol.ResponseProcessCookies - Invalid cookie header: "Set-Cookie: logged_in=no; Path=/; Domain=github.com; Expires=Sun, 23 Nov 2025 00:02:30 GMT; HttpOnly; Secure; SameSite=Lax". Invalid 'expires' attribute: Sun, 23 Nov 2025 00:02:30 GMT
2024-11-22 21:02:31,425 [ 304571]   WARN - org.apache.http.client.protocol.ResponseProcessCookies - Invalid cookie header: "Set-Cookie: _octo=GH1.1.1660753255.1732320150; Path=/; Domain=github.com; Expires=Sun, 23 Nov 2025 00:02:30 GMT; Secure; SameSite=Lax". Invalid 'expires' attribute: Sun, 23 Nov 2025 00:02:30 GMT
2024-11-22 21:02:31,426 [ 304572]   WARN - org.apache.http.client.protocol.ResponseProcessCookies - Invalid cookie header: "Set-Cookie: logged_in=no; Path=/; Domain=github.com; Expires=Sun, 23 Nov 2025 00:02:30 GMT; HttpOnly; Secure; SameSite=Lax". Invalid 'expires' attribute: Sun, 23 Nov 2025 00:02:30 GMT
2024-11-22 21:03:04,017 [ 337163]   WARN - #com.codeium.intellij.language_server.LanguageServerService - Error getting completions
io.grpc.StatusException: CANCELLED: context canceled
	at io.grpc.Status.asException(Status.java:548)
	at io.grpc.kotlin.ClientCalls$rpcImpl$1$1$1.onClose(ClientCalls.kt:300)
	at io.grpc.internal.ClientCallImpl.closeObserver(ClientCallImpl.java:564)
	at io.grpc.internal.ClientCallImpl.access$100(ClientCallImpl.java:72)
	at io.grpc.internal.ClientCallImpl$ClientStreamListenerImpl$1StreamClosed.runInternal(ClientCallImpl.java:729)
	at io.grpc.internal.ClientCallImpl$ClientStreamListenerImpl$1StreamClosed.runInContext(ClientCallImpl.java:710)
	at io.grpc.internal.ContextRunnable.run(ContextRunnable.java:37)
	at io.grpc.internal.SerializingExecutor.run(SerializingExecutor.java:133)
	at java.base/java.util.concurrent.ThreadPoolExecutor.runWorker(ThreadPoolExecutor.java:1144)
	at java.base/java.util.concurrent.ThreadPoolExecutor$Worker.run(ThreadPoolExecutor.java:642)
	at java.base/java.lang.Thread.run(Thread.java:1583)
2024-11-22 21:03:16,264 [ 349410]   WARN - #o.j.k.i.s.r.KotlinCompilerReferenceIndexStorage - kotlin-data-container is not found
2024-11-22 21:04:40,039 [ 433185]   WARN - #o.j.k.i.s.r.KotlinCompilerReferenceIndexStorage - kotlin-data-container is not found
2024-11-22 21:07:15,498 [ 588644]   WARN - org.apache.velocity.deprecation - configuration key 'resource.loader' has been deprecated in favor of 'resource.loaders'
2024-11-22 21:07:15,499 [ 588645]   WARN - org.apache.velocity.deprecation - configuration key 'includes.resource.loader.class' has been deprecated in favor of 'resource.loader.includes.class'
2024-11-22 21:10:07,518 [ 760664]   WARN - #o.j.k.i.s.r.KotlinCompilerReferenceIndexStorage - kotlin-data-container is not found
2024-11-22 21:11:40,332 [ 853478]   WARN - #o.j.k.i.s.r.KotlinCompilerReferenceIndexStorage - kotlin-data-container is not found
2024-11-22 21:12:53,430 [ 926576]   WARN - #o.j.k.i.s.r.KotlinCompilerReferenceIndexStorage - kotlin-data-container is not found
2024-11-22 21:13:42,634 [ 975780]   WARN - #o.j.k.i.s.r.KotlinCompilerReferenceIndexStorage - kotlin-data-container is not found
2024-11-22 21:13:49,603 [ 982749]   WARN - #o.j.k.i.s.r.KotlinCompilerReferenceIndexStorage - kotlin-data-container is not found
2024-11-22 21:14:26,270 [1019416]   WARN - #o.j.k.i.s.r.KotlinCompilerReferenceIndexStorage - kotlin-data-container is not found
2024-11-22 21:15:32,198 [1085344]   WARN - #o.j.k.i.s.r.KotlinCompilerReferenceIndexStorage - kotlin-data-container is not found
2024-11-22 21:15:57,403 [1110549]   WARN - #o.j.k.i.s.r.KotlinCompilerReferenceIndexStorage - kotlin-data-container is not found
2024-11-22 21:16:50,265 [1163411]   WARN - #o.j.k.i.s.r.KotlinCompilerReferenceIndexStorage - kotlin-data-container is not found
2024-11-22 21:17:43,789 [1216935]   WARN - #o.j.k.i.s.r.KotlinCompilerReferenceIndexStorage - kotlin-data-container is not found
2024-11-22 21:18:19,445 [1252591]   WARN - #o.j.k.i.s.r.KotlinCompilerReferenceIndexStorage - kotlin-data-container is not found
